

<!DOCTYPE html>
<html>
<head>
<meta charset="UTF-8">
<meta name="viewport" content="width=device-width, initial-scale=1, shrink-to-fit=no">
<title>Demoblaze Automation Report</title>
<link rel="apple-touch-icon" href="https://cdn.jsdelivr.net/gh/extent-framework/extent-github-cdn@b00a2d0486596e73dd7326beacf352c639623a0e/commons/img/logo.png">
<link rel="shortcut icon" href="https://cdn.jsdelivr.net/gh/extent-framework/extent-github-cdn@b00a2d0486596e73dd7326beacf352c639623a0e/commons/img/logo.png">
<link href="https://cdn.jsdelivr.net/gh/extent-framework/extent-github-cdn@d6562a79075e061305ccfdb82f01e5e195e2d307/spark/css/spark-style.css" rel="stylesheet" />
<link href="https://stackpath.bootstrapcdn.com/font-awesome/4.7.0/css/font-awesome.min.css" rel="stylesheet">
<script src="https://cdn.jsdelivr.net/gh/extent-framework/extent-github-cdn@7cc78ce/spark/js/jsontree.js"></script>
<style type="text/css">.badge-danger { background-color: #dc3545 !important; }</style></head><body class="spa -report standard">
  <div class="app">
    <div class="layout">
<div class="header navbar">
<div class="vheader">
<div class="nav-logo">
<a href="#">
<div class="logo" style="background-image: url('https://cdn.jsdelivr.net/gh/extent-framework/extent-github-cdn@b00a2d0486596e73dd7326beacf352c639623a0e/commons/img/logo.png')"></div>
</a>
</div>
<ul class="nav-left">
<li class="search-box">
<a class="search-toggle" href="#">
<i class="search-icon fa fa-search"></i>
<i class="search-icon-close fa fa-close"></i>
</a>
</li>
<li class="search-input"><input id="search-tests" class="form-control" type="text" placeholder="Search..."></li>
</ul>
<ul class="nav-right">
<li class="m-r-10">
<a href="#"><span class="badge badge-primary">Demoblaze Test Results</span></a>
</li>
<li class="m-r-10">
<a href="#"><span class="badge badge-primary">Friday, December 26, 2025, 10:44 PM (WIB)</span></a>
</li>
</ul>
</div>
</div><div class="side-nav">
<div class="side-nav-inner">
<ul class="side-nav-menu">
<li class="nav-item dropdown" onclick="toggleView('test-view')">
<a id="nav-test" class="dropdown-toggle" href="#">
<span class="ico"><i class="fa fa-list"></i></span>
</a>
</li>
<li class="nav-item dropdown" onclick="toggleView('exception-view')">
<a id="nav-exception" class="dropdown-toggle" href="#">
<span class="ico"><i class="fa fa-bug"></i></span>
</a>
</li>
<li class="nav-item dropdown" onclick="toggleView('dashboard-view')">
<a id="nav-dashboard" class="dropdown-toggle" href="#">
<span class="ico"><i class="fa fa-bar-chart"></i></span>
</a>
</li>
</ul>
</div>
</div>      <div class="vcontainer">
        <div class="main-content">
<div class="test-wrapper row view test-view">
  <div class="test-list">
    <div class="test-list-tools">
<ul class="tools pull-left">
<li><a href="#"><span class="font-size-14">Tests</span></a></li>
</ul>
<ul class="tools text-right">
<li class="dropdown">
<a href="#" class="dropdown-toggle" data-toggle="dropdown"><i class="fa fa-exclamation-circle"></i></a>
<ul id="status-toggle" class="dropdown-menu dropdown-md p-v-0">
<a class="dropdown-item" status="pass" href="#"><span>Pass</span><span class="status success"></span></a>
<a class="dropdown-item" status="fail" href="#"><span>Fail</span><span class="status danger"></span></a>
<div class="dropdown-divider"></div>
<a status="clear" class="dropdown-item" href="#"><span>Clear</span><span class="pull-right"><i class="fa fa-close"></i></span></a>
</ul>
</li>
</ul>
</div>    <div class="test-list-wrapper scrollable">
      <ul class="test-list-item">
        <li class="test-item"  status="pass" test-id="1"
          author=""
          tag=""
          device="">
          <div class="test-detail">
            <p class="name">testHomePageLoad</p>
            <p class="text-sm">
              <span>10:44:12 PM</span> / <span>00:00:00:650</span>
              <span class="badge pass-bg log float-right">Pass</span>
            </p>
          </div>
          <div class="test-contents d-none">
<div class="detail-head">
<div class="p-v-10">
<div class="info">
<h5 class="test-status text-pass">testHomePageLoad</h5>
<span class='badge badge-success'>12.26.2025 10:44:12 PM</span>
<span class='badge badge-danger'>12.26.2025 10:44:12 PM</span>
<span class='badge badge-default'>00:00:00:650</span>
&middot; <span class='uri-anchor badge badge-default'>#test-id=1</span>
<span class='badge badge-default pointer float-right ml-1 et'><i class="fa fa-chevron-down"></i></span>
<span class='badge badge-default pointer float-right ct'><i class="fa fa-chevron-up"></i></span>
</div>
<div class="m-t-10 m-l-5">TC_SMOKE_001 - Verify homepage loads</div>
</div>
</div>    <div class="row mb-3"><div class="col-md-3">
<img data-featherlight='/home/sikucing/IdeaProjects/demoblaze-super-automation/test-output/screenshots/homepage_20251226_224412.png' src="/home/sikucing/IdeaProjects/demoblaze-super-automation/test-output/screenshots/homepage_20251226_224412.png">
    <div class="title">homepage</div>
    </div></div>
    <div class="row mb-3"><div class="col-md-3">
<img data-featherlight='/home/sikucing/IdeaProjects/demoblaze-super-automation/test-output/screenshots/testHomePageLoad_Success_20251226_224412.png' src="/home/sikucing/IdeaProjects/demoblaze-super-automation/test-output/screenshots/testHomePageLoad_Success_20251226_224412.png">
    <div class="title">testHomePageLoad_Success</div>
    </div></div>
<div class="detail-body mt-4">
<table class="table table-sm">
  <thead><tr><th class="status-col">Status</th><th class="timestamp-col">Timestamp</th><th class="details-col">Details</th></tr></thead>
  <tbody>
      <tr class="event-row">
        <td><span class="badge log info-bg">Info</span></td>
        <td>10:44:12 PM</td>
        <td>
          Starting homepage test
        </td>
      </tr>
      <tr class="event-row">
        <td><span class="badge log pass-bg">Pass</span></td>
        <td>10:44:12 PM</td>
        <td>
          Title should not be empty
        </td>
      </tr>
      <tr class="event-row">
        <td><span class="badge log pass-bg">Pass</span></td>
        <td>10:44:12 PM</td>
        <td>
          URL should contain demoblaze
        </td>
      </tr>
      <tr class="event-row">
        <td><span class="badge log pass-bg">Pass</span></td>
        <td>10:44:12 PM</td>
        <td>
          Homepage loaded successfully
        </td>
      </tr>
      <tr class="event-row">
        <td><span class="badge log pass-bg">Pass</span></td>
        <td>10:44:12 PM</td>
        <td>
          Test passed successfully
        </td>
      </tr>
  </tbody>
</table>
</div>
          </div>
        </li>
        <li class="test-item"  status="pass" test-id="2"
          author=""
          tag=""
          device="">
          <div class="test-detail">
            <p class="name">testProductCategories</p>
            <p class="text-sm">
              <span>10:44:16 PM</span> / <span>00:00:00:628</span>
              <span class="badge pass-bg log float-right">Pass</span>
            </p>
          </div>
          <div class="test-contents d-none">
<div class="detail-head">
<div class="p-v-10">
<div class="info">
<h5 class="test-status text-pass">testProductCategories</h5>
<span class='badge badge-success'>12.26.2025 10:44:16 PM</span>
<span class='badge badge-danger'>12.26.2025 10:44:17 PM</span>
<span class='badge badge-default'>00:00:00:628</span>
&middot; <span class='uri-anchor badge badge-default'>#test-id=2</span>
<span class='badge badge-default pointer float-right ml-1 et'><i class="fa fa-chevron-down"></i></span>
<span class='badge badge-default pointer float-right ct'><i class="fa fa-chevron-up"></i></span>
</div>
<div class="m-t-10 m-l-5">TC_SMOKE_002 - Verify product categories exist</div>
</div>
</div>    <div class="row mb-3"><div class="col-md-3">
<img data-featherlight='/home/sikucing/IdeaProjects/demoblaze-super-automation/test-output/screenshots/product_listing_20251226_224416.png' src="/home/sikucing/IdeaProjects/demoblaze-super-automation/test-output/screenshots/product_listing_20251226_224416.png">
    <div class="title">product_listing</div>
    </div></div>
    <div class="row mb-3"><div class="col-md-3">
<img data-featherlight='/home/sikucing/IdeaProjects/demoblaze-super-automation/test-output/screenshots/testProductCategories_Success_20251226_224416.png' src="/home/sikucing/IdeaProjects/demoblaze-super-automation/test-output/screenshots/testProductCategories_Success_20251226_224416.png">
    <div class="title">testProductCategories_Success</div>
    </div></div>
<div class="detail-body mt-4">
<table class="table table-sm">
  <thead><tr><th class="status-col">Status</th><th class="timestamp-col">Timestamp</th><th class="details-col">Details</th></tr></thead>
  <tbody>
      <tr class="event-row">
        <td><span class="badge log info-bg">Info</span></td>
        <td>10:44:16 PM</td>
        <td>
          Testing product categories
        </td>
      </tr>
      <tr class="event-row">
        <td><span class="badge log info-bg">Info</span></td>
        <td>10:44:16 PM</td>
        <td>
          Checking if categories are clickable
        </td>
      </tr>
      <tr class="event-row">
        <td><span class="badge log pass-bg">Pass</span></td>
        <td>10:44:16 PM</td>
        <td>
          Should have at least one product
        </td>
      </tr>
      <tr class="event-row">
        <td><span class="badge log info-bg">Info</span></td>
        <td>10:44:16 PM</td>
        <td>
          Found 9 products
        </td>
      </tr>
      <tr class="event-row">
        <td><span class="badge log info-bg">Info</span></td>
        <td>10:44:16 PM</td>
        <td>
          Product available: Samsung galaxy s6
        </td>
      </tr>
      <tr class="event-row">
        <td><span class="badge log info-bg">Info</span></td>
        <td>10:44:16 PM</td>
        <td>
          Product available: Nokia lumia 1520
        </td>
      </tr>
      <tr class="event-row">
        <td><span class="badge log info-bg">Info</span></td>
        <td>10:44:16 PM</td>
        <td>
          Product available: Nexus 6
        </td>
      </tr>
      <tr class="event-row">
        <td><span class="badge log pass-bg">Pass</span></td>
        <td>10:44:16 PM</td>
        <td>
          Product categories verified
        </td>
      </tr>
      <tr class="event-row">
        <td><span class="badge log pass-bg">Pass</span></td>
        <td>10:44:16 PM</td>
        <td>
          Test passed successfully
        </td>
      </tr>
  </tbody>
</table>
</div>
          </div>
        </li>
        <li class="test-item"  status="pass" test-id="3"
          author=""
          tag=""
          device="">
          <div class="test-detail">
            <p class="name">testNavigation</p>
            <p class="text-sm">
              <span>10:44:22 PM</span> / <span>00:00:06:588</span>
              <span class="badge pass-bg log float-right">Pass</span>
            </p>
          </div>
          <div class="test-contents d-none">
<div class="detail-head">
<div class="p-v-10">
<div class="info">
<h5 class="test-status text-pass">testNavigation</h5>
<span class='badge badge-success'>12.26.2025 10:44:22 PM</span>
<span class='badge badge-danger'>12.26.2025 10:44:29 PM</span>
<span class='badge badge-default'>00:00:06:588</span>
&middot; <span class='uri-anchor badge badge-default'>#test-id=3</span>
<span class='badge badge-default pointer float-right ml-1 et'><i class="fa fa-chevron-down"></i></span>
<span class='badge badge-default pointer float-right ct'><i class="fa fa-chevron-up"></i></span>
</div>
<div class="m-t-10 m-l-5">TC_SMOKE_003 - Verify navigation works</div>
</div>
</div>    <div class="row mb-3"><div class="col-md-3">
<img data-featherlight='/home/sikucing/IdeaProjects/demoblaze-super-automation/test-output/screenshots/cart_page_20251226_224425.png' src="/home/sikucing/IdeaProjects/demoblaze-super-automation/test-output/screenshots/cart_page_20251226_224425.png">
    <div class="title">cart_page</div>
    </div></div>
    <div class="row mb-3"><div class="col-md-3">
<img data-featherlight='/home/sikucing/IdeaProjects/demoblaze-super-automation/test-output/screenshots/testNavigation_Success_20251226_224429.png' src="/home/sikucing/IdeaProjects/demoblaze-super-automation/test-output/screenshots/testNavigation_Success_20251226_224429.png">
    <div class="title">testNavigation_Success</div>
    </div></div>
<div class="detail-body mt-4">
<table class="table table-sm">
  <thead><tr><th class="status-col">Status</th><th class="timestamp-col">Timestamp</th><th class="details-col">Details</th></tr></thead>
  <tbody>
      <tr class="event-row">
        <td><span class="badge log info-bg">Info</span></td>
        <td>10:44:22 PM</td>
        <td>
          Testing navigation
        </td>
      </tr>
      <tr class="event-row">
        <td><span class="badge log info-bg">Info</span></td>
        <td>10:44:22 PM</td>
        <td>
          Opening cart page
        </td>
      </tr>
      <tr class="event-row">
        <td><span class="badge log pass-bg">Pass</span></td>
        <td>10:44:25 PM</td>
        <td>
          Should be on cart page
        </td>
      </tr>
      <tr class="event-row">
        <td><span class="badge log pass-bg">Pass</span></td>
        <td>10:44:25 PM</td>
        <td>
          Cart navigation works
        </td>
      </tr>
      <tr class="event-row">
        <td><span class="badge log pass-bg">Pass</span></td>
        <td>10:44:29 PM</td>
        <td>
          Test passed successfully
        </td>
      </tr>
  </tbody>
</table>
</div>
          </div>
        </li>
        <li class="test-item"  status="pass" test-id="4"
          author=""
          tag=""
          device="">
          <div class="test-detail">
            <p class="name">testProductSelection</p>
            <p class="text-sm">
              <span>10:45:00 PM</span> / <span>00:00:10:115</span>
              <span class="badge pass-bg log float-right">Pass</span>
            </p>
          </div>
          <div class="test-contents d-none">
<div class="detail-head">
<div class="p-v-10">
<div class="info">
<h5 class="test-status text-pass">testProductSelection</h5>
<span class='badge badge-success'>12.26.2025 10:45:00 PM</span>
<span class='badge badge-danger'>12.26.2025 10:45:10 PM</span>
<span class='badge badge-default'>00:00:10:115</span>
&middot; <span class='uri-anchor badge badge-default'>#test-id=4</span>
<span class='badge badge-default pointer float-right ml-1 et'><i class="fa fa-chevron-down"></i></span>
<span class='badge badge-default pointer float-right ct'><i class="fa fa-chevron-up"></i></span>
</div>
<div class="m-t-10 m-l-5">TC_SMOKE_004 - Verify product selection</div>
</div>
</div>    <div class="row mb-3"><div class="col-md-3">
<img data-featherlight='/home/sikucing/IdeaProjects/demoblaze-super-automation/test-output/screenshots/testProductSelection_Success_20251226_224510.png' src="/home/sikucing/IdeaProjects/demoblaze-super-automation/test-output/screenshots/testProductSelection_Success_20251226_224510.png">
    <div class="title">testProductSelection_Success</div>
    </div></div>
<div class="detail-body mt-4">
<table class="table table-sm">
  <thead><tr><th class="status-col">Status</th><th class="timestamp-col">Timestamp</th><th class="details-col">Details</th></tr></thead>
  <tbody>
      <tr class="event-row">
        <td><span class="badge log info-bg">Info</span></td>
        <td>10:45:00 PM</td>
        <td>
          Testing product selection
        </td>
      </tr>
      <tr class="event-row">
        <td><span class="badge log info-bg">Info</span></td>
        <td>10:45:10 PM</td>
        <td>
          No products found to test selection
        </td>
      </tr>
      <tr class="event-row">
        <td><span class="badge log pass-bg">Pass</span></td>
        <td>10:45:10 PM</td>
        <td>
          Test passed successfully
        </td>
      </tr>
  </tbody>
</table>
</div>
          </div>
        </li>
        <li class="test-item"  status="fail" test-id="5"
          author=""
          tag=""
          device="">
          <div class="test-detail">
            <p class="name">testPageElements</p>
            <p class="text-sm">
              <span>10:45:41 PM</span> / <span>00:00:00:097</span>
              <span class="badge fail-bg log float-right">Fail</span>
            </p>
          </div>
          <div class="test-contents d-none">
<div class="detail-head">
<div class="p-v-10">
<div class="info">
<h5 class="test-status text-fail">testPageElements</h5>
<span class='badge badge-success'>12.26.2025 10:45:41 PM</span>
<span class='badge badge-danger'>12.26.2025 10:45:42 PM</span>
<span class='badge badge-default'>00:00:00:097</span>
&middot; <span class='uri-anchor badge badge-default'>#test-id=5</span>
<span class='badge badge-default pointer float-right ml-1 et'><i class="fa fa-chevron-down"></i></span>
<span class='badge badge-default pointer float-right ct'><i class="fa fa-chevron-up"></i></span>
</div>
<div class="m-t-10 m-l-5">TC_SMOKE_005 - Verify page elements exist</div>
</div>
</div>    <div class="row mb-3"><div class="col-md-3">
<img data-featherlight='/home/sikucing/IdeaProjects/demoblaze-super-automation/test-output/screenshots/testPageElements_Failure_20251226_224542.png' src="/home/sikucing/IdeaProjects/demoblaze-super-automation/test-output/screenshots/testPageElements_Failure_20251226_224542.png">
    <div class="title">testPageElements_Failure</div>
    </div></div>
<div class="detail-body mt-4">
<table class="table table-sm">
  <thead><tr><th class="status-col">Status</th><th class="timestamp-col">Timestamp</th><th class="details-col">Details</th></tr></thead>
  <tbody>
      <tr class="event-row">
        <td><span class="badge log info-bg">Info</span></td>
        <td>10:45:41 PM</td>
        <td>
          Testing page elements
        </td>
      </tr>
      <tr class="event-row">
        <td><span class="badge log fail-bg">Fail</span></td>
        <td>10:45:42 PM</td>
        <td>
          Page should have content
        </td>
      </tr>
      <tr class="event-row">
        <td><span class="badge log fail-bg">Fail</span></td>
        <td>10:45:42 PM</td>
        <td>
          Test failed: Page should have content
        </td>
      </tr>
      <tr class="event-row">
        <td><span class="badge log fail-bg">Fail</span></td>
        <td>10:45:42 PM</td>
        <td>
          <textarea readonly class="code-block">java.lang.AssertionError: Page should have content
	at com.demoblaze.tests.BaseTest.assertTrue(BaseTest.java:136)
	at com.demoblaze.tests.SmokeTests.testPageElements(SmokeTests.java:137)
	at java.base/jdk.internal.reflect.DirectMethodHandleAccessor.invoke(DirectMethodHandleAccessor.java:103)
	at java.base/java.lang.reflect.Method.invoke(Method.java:580)
	at org.testng.internal.invokers.MethodInvocationHelper.invokeMethod(MethodInvocationHelper.java:139)
	at org.testng.internal.invokers.TestInvoker.invokeMethod(TestInvoker.java:664)
	at org.testng.internal.invokers.TestInvoker.invokeTestMethod(TestInvoker.java:227)
	at org.testng.internal.invokers.MethodRunner.runInSequence(MethodRunner.java:50)
	at org.testng.internal.invokers.TestInvoker$MethodInvocationAgent.invoke(TestInvoker.java:957)
	at org.testng.internal.invokers.TestInvoker.invokeTestMethods(TestInvoker.java:200)
	at org.testng.internal.invokers.TestMethodWorker.invokeTestMethods(TestMethodWorker.java:148)
	at org.testng.internal.invokers.TestMethodWorker.run(TestMethodWorker.java:128)
	at java.base/java.util.ArrayList.forEach(ArrayList.java:1596)
	at org.testng.TestRunner.privateRun(TestRunner.java:848)
	at org.testng.TestRunner.run(TestRunner.java:621)
	at org.testng.SuiteRunner.runTest(SuiteRunner.java:443)
	at org.testng.SuiteRunner.runSequentially(SuiteRunner.java:437)
	at org.testng.SuiteRunner.privateRun(SuiteRunner.java:397)
	at org.testng.SuiteRunner.run(SuiteRunner.java:336)
	at org.testng.SuiteRunnerWorker.runSuite(SuiteRunnerWorker.java:52)
	at org.testng.SuiteRunnerWorker.run(SuiteRunnerWorker.java:95)
	at org.testng.TestNG.runSuitesSequentially(TestNG.java:1280)
	at org.testng.TestNG.runSuitesLocally(TestNG.java:1200)
	at org.testng.TestNG.runSuites(TestNG.java:1114)
	at org.testng.TestNG.run(TestNG.java:1082)
	at org.apache.maven.surefire.testng.TestNGExecutor.run(TestNGExecutor.java:308)
	at org.apache.maven.surefire.testng.TestNGXmlTestSuite.execute(TestNGXmlTestSuite.java:71)
	at org.apache.maven.surefire.testng.TestNGProvider.invoke(TestNGProvider.java:113)
	at org.apache.maven.surefire.booter.ForkedBooter.runSuitesInProcess(ForkedBooter.java:385)
	at org.apache.maven.surefire.booter.ForkedBooter.execute(ForkedBooter.java:162)
	at org.apache.maven.surefire.booter.ForkedBooter.run(ForkedBooter.java:507)
	at org.apache.maven.surefire.booter.ForkedBooter.main(ForkedBooter.java:495)
</textarea>
          
        </td>
      </tr>
  </tbody>
</table>
</div>
          </div>
        </li>
        <li class="test-item"  status="pass" test-id="6"
          author=""
          tag=""
          device="">
          <div class="test-detail">
            <p class="name">testSmokeCompletion</p>
            <p class="text-sm">
              <span>10:46:13 PM</span> / <span>00:00:00:179</span>
              <span class="badge pass-bg log float-right">Pass</span>
            </p>
          </div>
          <div class="test-contents d-none">
<div class="detail-head">
<div class="p-v-10">
<div class="info">
<h5 class="test-status text-pass">testSmokeCompletion</h5>
<span class='badge badge-success'>12.26.2025 10:46:13 PM</span>
<span class='badge badge-danger'>12.26.2025 10:46:13 PM</span>
<span class='badge badge-default'>00:00:00:179</span>
&middot; <span class='uri-anchor badge badge-default'>#test-id=6</span>
<span class='badge badge-default pointer float-right ml-1 et'><i class="fa fa-chevron-down"></i></span>
<span class='badge badge-default pointer float-right ct'><i class="fa fa-chevron-up"></i></span>
</div>
<div class="m-t-10 m-l-5">TC_SMOKE_006 - Final smoke test completion</div>
</div>
</div>    <div class="row mb-3"><div class="col-md-3">
<img data-featherlight='/home/sikucing/IdeaProjects/demoblaze-super-automation/test-output/screenshots/smoke_tests_complete_20251226_224613.png' src="/home/sikucing/IdeaProjects/demoblaze-super-automation/test-output/screenshots/smoke_tests_complete_20251226_224613.png">
    <div class="title">smoke_tests_complete</div>
    </div></div>
    <div class="row mb-3"><div class="col-md-3">
<img data-featherlight='/home/sikucing/IdeaProjects/demoblaze-super-automation/test-output/screenshots/testSmokeCompletion_Success_20251226_224613.png' src="/home/sikucing/IdeaProjects/demoblaze-super-automation/test-output/screenshots/testSmokeCompletion_Success_20251226_224613.png">
    <div class="title">testSmokeCompletion_Success</div>
    </div></div>
<div class="detail-body mt-4">
<table class="table table-sm">
  <thead><tr><th class="status-col">Status</th><th class="timestamp-col">Timestamp</th><th class="details-col">Details</th></tr></thead>
  <tbody>
      <tr class="event-row">
        <td><span class="badge log info-bg">Info</span></td>
        <td>10:46:13 PM</td>
        <td>
          Final smoke test - verifying website is accessible
        </td>
      </tr>
      <tr class="event-row">
        <td><span class="badge log pass-bg">Pass</span></td>
        <td>10:46:13 PM</td>
        <td>
          Title should exist
        </td>
      </tr>
      <tr class="event-row">
        <td><span class="badge log pass-bg">Pass</span></td>
        <td>10:46:13 PM</td>
        <td>
          URL should exist
        </td>
      </tr>
      <tr class="event-row">
        <td><span class="badge log pass-bg">Pass</span></td>
        <td>10:46:13 PM</td>
        <td>
          ✅ ALL SMOKE TESTS COMPLETED SUCCESSFULLY!
        </td>
      </tr>
      <tr class="event-row">
        <td><span class="badge log info-bg">Info</span></td>
        <td>10:46:13 PM</td>
        <td>
          Title: 
        </td>
      </tr>
      <tr class="event-row">
        <td><span class="badge log info-bg">Info</span></td>
        <td>10:46:13 PM</td>
        <td>
          URL: data:,
        </td>
      </tr>
      <tr class="event-row">
        <td><span class="badge log pass-bg">Pass</span></td>
        <td>10:46:13 PM</td>
        <td>
          Test passed successfully
        </td>
      </tr>
  </tbody>
</table>
</div>
          </div>
        </li>
        <li class="test-item"  status="fail" test-id="7"
          author=""
          tag=""
          device="">
          <div class="test-detail">
            <p class="name">testAllProductsListed</p>
            <p class="text-sm">
              <span>10:46:45 PM</span> / <span>00:00:30:145</span>
              <span class="badge fail-bg log float-right">Fail</span>
            </p>
          </div>
          <div class="test-contents d-none">
<div class="detail-head">
<div class="p-v-10">
<div class="info">
<h5 class="test-status text-fail">testAllProductsListed</h5>
<span class='badge badge-success'>12.26.2025 10:46:45 PM</span>
<span class='badge badge-danger'>12.26.2025 10:47:15 PM</span>
<span class='badge badge-default'>00:00:30:145</span>
&middot; <span class='uri-anchor badge badge-default'>#test-id=7</span>
<span class='badge badge-default pointer float-right ml-1 et'><i class="fa fa-chevron-down"></i></span>
<span class='badge badge-default pointer float-right ct'><i class="fa fa-chevron-up"></i></span>
</div>
<div class="m-t-10 m-l-5">TC_PROD_001 - Verify all products are listed</div>
</div>
</div>    <div class="row mb-3"><div class="col-md-3">
<img data-featherlight='/home/sikucing/IdeaProjects/demoblaze-super-automation/test-output/screenshots/testAllProductsListed_Failure_20251226_224715.png' src="/home/sikucing/IdeaProjects/demoblaze-super-automation/test-output/screenshots/testAllProductsListed_Failure_20251226_224715.png">
    <div class="title">testAllProductsListed_Failure</div>
    </div></div>
<div class="detail-body mt-4">
<table class="table table-sm">
  <thead><tr><th class="status-col">Status</th><th class="timestamp-col">Timestamp</th><th class="details-col">Details</th></tr></thead>
  <tbody>
      <tr class="event-row">
        <td><span class="badge log info-bg">Info</span></td>
        <td>10:46:45 PM</td>
        <td>
          Starting TC_PROD_001 - All Products Listing Test
        </td>
      </tr>
      <tr class="event-row">
        <td><span class="badge log fail-bg">Fail</span></td>
        <td>10:47:15 PM</td>
        <td>
          Test failed: timeout: Timed out receiving message from renderer: -0.004
  (Session info: chrome=143.0.7499.169)
Build info: version: '4.15.0', revision: '1d14b5521b'
System info: os.name: 'Linux', os.arch: 'amd64', os.version: '6.1.0-41-amd64', java.version: '21.0.6'
Driver info: org.openqa.selenium.chrome.ChromeDriver
Command: [d2e3df6cae6ab6d36e7c589e0656a464, get {url=https://www.demoblaze.com}]
Capabilities {acceptInsecureCerts: false, browserName: chrome, browserVersion: 143.0.7499.169, chrome: {chromedriverVersion: 143.0.7499.169 (164b20aab62..., userDataDir: /tmp/.org.chromium.Chromium...}, fedcm:accounts: true, goog:chromeOptions: {debuggerAddress: localhost:33191}, goog:processID: 33372, networkConnectionEnabled: false, pageLoadStrategy: normal, platformName: linux, proxy: Proxy(), se:cdp: ws://localhost:33191/devtoo..., se:cdpVersion: 143.0.7499.169, setWindowRect: true, strictFileInteractability: false, timeouts: {implicit: 0, pageLoad: 300000, script: 30000}, unhandledPromptBehavior: dismiss and notify, webauthn:extension:credBlob: true, webauthn:extension:largeBlob: true, webauthn:extension:minPinLength: true, webauthn:extension:prf: true, webauthn:virtualAuthenticators: true}
Session ID: d2e3df6cae6ab6d36e7c589e0656a464
        </td>
      </tr>
      <tr class="event-row">
        <td><span class="badge log fail-bg">Fail</span></td>
        <td>10:47:15 PM</td>
        <td>
          <textarea readonly class="code-block">org.openqa.selenium.TimeoutException: timeout: Timed out receiving message from renderer: -0.004
  (Session info: chrome=143.0.7499.169)
Build info: version: '4.15.0', revision: '1d14b5521b'
System info: os.name: 'Linux', os.arch: 'amd64', os.version: '6.1.0-41-amd64', java.version: '21.0.6'
Driver info: org.openqa.selenium.chrome.ChromeDriver
Command: [d2e3df6cae6ab6d36e7c589e0656a464, get {url=https://www.demoblaze.com}]
Capabilities {acceptInsecureCerts: false, browserName: chrome, browserVersion: 143.0.7499.169, chrome: {chromedriverVersion: 143.0.7499.169 (164b20aab62..., userDataDir: /tmp/.org.chromium.Chromium...}, fedcm:accounts: true, goog:chromeOptions: {debuggerAddress: localhost:33191}, goog:processID: 33372, networkConnectionEnabled: false, pageLoadStrategy: normal, platformName: linux, proxy: Proxy(), se:cdp: ws://localhost:33191/devtoo..., se:cdpVersion: 143.0.7499.169, setWindowRect: true, strictFileInteractability: false, timeouts: {implicit: 0, pageLoad: 300000, script: 30000}, unhandledPromptBehavior: dismiss and notify, webauthn:extension:credBlob: true, webauthn:extension:largeBlob: true, webauthn:extension:minPinLength: true, webauthn:extension:prf: true, webauthn:virtualAuthenticators: true}
Session ID: d2e3df6cae6ab6d36e7c589e0656a464
	at java.base/jdk.internal.reflect.DirectConstructorHandleAccessor.newInstance(DirectConstructorHandleAccessor.java:62)
	at java.base/java.lang.reflect.Constructor.newInstanceWithCaller(Constructor.java:502)
	at java.base/java.lang.reflect.Constructor.newInstance(Constructor.java:486)
	at org.openqa.selenium.remote.codec.w3c.W3CHttpResponseCodec.createException(W3CHttpResponseCodec.java:200)
	at org.openqa.selenium.remote.codec.w3c.W3CHttpResponseCodec.decode(W3CHttpResponseCodec.java:133)
	at org.openqa.selenium.remote.codec.w3c.W3CHttpResponseCodec.decode(W3CHttpResponseCodec.java:52)
	at org.openqa.selenium.remote.HttpCommandExecutor.execute(HttpCommandExecutor.java:191)
	at org.openqa.selenium.remote.service.DriverCommandExecutor.invokeExecute(DriverCommandExecutor.java:200)
	at org.openqa.selenium.remote.service.DriverCommandExecutor.execute(DriverCommandExecutor.java:175)
	at org.openqa.selenium.remote.RemoteWebDriver.execute(RemoteWebDriver.java:607)
	at org.openqa.selenium.remote.RemoteWebDriver.get(RemoteWebDriver.java:309)
	at com.demoblaze.pages.HomePage.open(HomePage.java:83)
	at com.demoblaze.tests.ProductTests.testAllProductsListed(ProductTests.java:55)
	at java.base/jdk.internal.reflect.DirectMethodHandleAccessor.invoke(DirectMethodHandleAccessor.java:103)
	at java.base/java.lang.reflect.Method.invoke(Method.java:580)
	at org.testng.internal.invokers.MethodInvocationHelper.invokeMethod(MethodInvocationHelper.java:139)
	at org.testng.internal.invokers.TestInvoker.invokeMethod(TestInvoker.java:664)
	at org.testng.internal.invokers.TestInvoker.invokeTestMethod(TestInvoker.java:227)
	at org.testng.internal.invokers.MethodRunner.runInSequence(MethodRunner.java:50)
	at org.testng.internal.invokers.TestInvoker$MethodInvocationAgent.invoke(TestInvoker.java:957)
	at org.testng.internal.invokers.TestInvoker.invokeTestMethods(TestInvoker.java:200)
	at org.testng.internal.invokers.TestMethodWorker.invokeTestMethods(TestMethodWorker.java:148)
	at org.testng.internal.invokers.TestMethodWorker.run(TestMethodWorker.java:128)
	at java.base/java.util.ArrayList.forEach(ArrayList.java:1596)
	at org.testng.TestRunner.privateRun(TestRunner.java:848)
	at org.testng.TestRunner.run(TestRunner.java:621)
	at org.testng.SuiteRunner.runTest(SuiteRunner.java:443)
	at org.testng.SuiteRunner.runSequentially(SuiteRunner.java:437)
	at org.testng.SuiteRunner.privateRun(SuiteRunner.java:397)
	at org.testng.SuiteRunner.run(SuiteRunner.java:336)
	at org.testng.SuiteRunnerWorker.runSuite(SuiteRunnerWorker.java:52)
	at org.testng.SuiteRunnerWorker.run(SuiteRunnerWorker.java:95)
	at org.testng.TestNG.runSuitesSequentially(TestNG.java:1280)
	at org.testng.TestNG.runSuitesLocally(TestNG.java:1200)
	at org.testng.TestNG.runSuites(TestNG.java:1114)
	at org.testng.TestNG.run(TestNG.java:1082)
	at org.apache.maven.surefire.testng.TestNGExecutor.run(TestNGExecutor.java:308)
	at org.apache.maven.surefire.testng.TestNGXmlTestSuite.execute(TestNGXmlTestSuite.java:71)
	at org.apache.maven.surefire.testng.TestNGProvider.invoke(TestNGProvider.java:113)
	at org.apache.maven.surefire.booter.ForkedBooter.runSuitesInProcess(ForkedBooter.java:385)
	at org.apache.maven.surefire.booter.ForkedBooter.execute(ForkedBooter.java:162)
	at org.apache.maven.surefire.booter.ForkedBooter.run(ForkedBooter.java:507)
	at org.apache.maven.surefire.booter.ForkedBooter.main(ForkedBooter.java:495)
</textarea>
          
        </td>
      </tr>
  </tbody>
</table>
</div>
          </div>
        </li>
        <li class="test-item"  status="pass" test-id="8"
          author=""
          tag=""
          device="">
          <div class="test-detail">
            <p class="name">testSamsungS6Details</p>
            <p class="text-sm">
              <span>10:47:23 PM</span> / <span>00:00:04:128</span>
              <span class="badge pass-bg log float-right">Pass</span>
            </p>
          </div>
          <div class="test-contents d-none">
<div class="detail-head">
<div class="p-v-10">
<div class="info">
<h5 class="test-status text-pass">testSamsungS6Details</h5>
<span class='badge badge-success'>12.26.2025 10:47:23 PM</span>
<span class='badge badge-danger'>12.26.2025 10:47:28 PM</span>
<span class='badge badge-default'>00:00:04:128</span>
&middot; <span class='uri-anchor badge badge-default'>#test-id=8</span>
<span class='badge badge-default pointer float-right ml-1 et'><i class="fa fa-chevron-down"></i></span>
<span class='badge badge-default pointer float-right ct'><i class="fa fa-chevron-up"></i></span>
</div>
<div class="m-t-10 m-l-5">TC_PROD_002 - Verify Samsung Galaxy S6 details</div>
</div>
</div>    <div class="row mb-3"><div class="col-md-3">
<img data-featherlight='/home/sikucing/IdeaProjects/demoblaze-super-automation/test-output/screenshots/TC_PROD_002_Samsung_S6_Details_20251226_224727.png' src="/home/sikucing/IdeaProjects/demoblaze-super-automation/test-output/screenshots/TC_PROD_002_Samsung_S6_Details_20251226_224727.png">
    <div class="title">TC_PROD_002_Samsung_S6_Details</div>
    </div></div>
    <div class="row mb-3"><div class="col-md-3">
<img data-featherlight='/home/sikucing/IdeaProjects/demoblaze-super-automation/test-output/screenshots/testSamsungS6Details_Success_20251226_224727.png' src="/home/sikucing/IdeaProjects/demoblaze-super-automation/test-output/screenshots/testSamsungS6Details_Success_20251226_224727.png">
    <div class="title">testSamsungS6Details_Success</div>
    </div></div>
<div class="detail-body mt-4">
<table class="table table-sm">
  <thead><tr><th class="status-col">Status</th><th class="timestamp-col">Timestamp</th><th class="details-col">Details</th></tr></thead>
  <tbody>
      <tr class="event-row">
        <td><span class="badge log info-bg">Info</span></td>
        <td>10:47:23 PM</td>
        <td>
          Starting TC_PROD_002 - Samsung Galaxy S6 Test
        </td>
      </tr>
      <tr class="event-row">
        <td><span class="badge log info-bg">Info</span></td>
        <td>10:47:24 PM</td>
        <td>
          TC_PROD_002: Selecting Samsung Galaxy S6
        </td>
      </tr>
      <tr class="event-row">
        <td><span class="badge log info-bg">Info</span></td>
        <td>10:47:27 PM</td>
        <td>
          TC_PROD_002: Product Name: Samsung galaxy s6
        </td>
      </tr>
      <tr class="event-row">
        <td><span class="badge log info-bg">Info</span></td>
        <td>10:47:27 PM</td>
        <td>
          TC_PROD_002: Product Price: $360 *includes tax
        </td>
      </tr>
      <tr class="event-row">
        <td><span class="badge log pass-bg">Pass</span></td>
        <td>10:47:27 PM</td>
        <td>
          TC_PROD_002: Product should be Samsung
        </td>
      </tr>
      <tr class="event-row">
        <td><span class="badge log pass-bg">Pass</span></td>
        <td>10:47:27 PM</td>
        <td>
          TC_PROD_002: Price should contain $
        </td>
      </tr>
      <tr class="event-row">
        <td><span class="badge log pass-bg">Pass</span></td>
        <td>10:47:27 PM</td>
        <td>
          TC_PROD_002: Price should be $360
        </td>
      </tr>
      <tr class="event-row">
        <td><span class="badge log pass-bg">Pass</span></td>
        <td>10:47:27 PM</td>
        <td>
          TC_PROD_002 PASSED: Samsung Galaxy S6 details verified
        </td>
      </tr>
      <tr class="event-row">
        <td><span class="badge log pass-bg">Pass</span></td>
        <td>10:47:27 PM</td>
        <td>
          Test passed successfully
        </td>
      </tr>
  </tbody>
</table>
</div>
          </div>
        </li>
        <li class="test-item"  status="pass" test-id="9"
          author=""
          tag=""
          device="">
          <div class="test-detail">
            <p class="name">testNokiaLumiaDetails</p>
            <p class="text-sm">
              <span>10:47:34 PM</span> / <span>00:00:04:104</span>
              <span class="badge pass-bg log float-right">Pass</span>
            </p>
          </div>
          <div class="test-contents d-none">
<div class="detail-head">
<div class="p-v-10">
<div class="info">
<h5 class="test-status text-pass">testNokiaLumiaDetails</h5>
<span class='badge badge-success'>12.26.2025 10:47:34 PM</span>
<span class='badge badge-danger'>12.26.2025 10:47:38 PM</span>
<span class='badge badge-default'>00:00:04:104</span>
&middot; <span class='uri-anchor badge badge-default'>#test-id=9</span>
<span class='badge badge-default pointer float-right ml-1 et'><i class="fa fa-chevron-down"></i></span>
<span class='badge badge-default pointer float-right ct'><i class="fa fa-chevron-up"></i></span>
</div>
<div class="m-t-10 m-l-5">TC_PROD_003 - Verify Nokia Lumia 1520 details</div>
</div>
</div>    <div class="row mb-3"><div class="col-md-3">
<img data-featherlight='/home/sikucing/IdeaProjects/demoblaze-super-automation/test-output/screenshots/TC_PROD_003_Nokia_Lumia_Details_20251226_224737.png' src="/home/sikucing/IdeaProjects/demoblaze-super-automation/test-output/screenshots/TC_PROD_003_Nokia_Lumia_Details_20251226_224737.png">
    <div class="title">TC_PROD_003_Nokia_Lumia_Details</div>
    </div></div>
    <div class="row mb-3"><div class="col-md-3">
<img data-featherlight='/home/sikucing/IdeaProjects/demoblaze-super-automation/test-output/screenshots/testNokiaLumiaDetails_Success_20251226_224738.png' src="/home/sikucing/IdeaProjects/demoblaze-super-automation/test-output/screenshots/testNokiaLumiaDetails_Success_20251226_224738.png">
    <div class="title">testNokiaLumiaDetails_Success</div>
    </div></div>
<div class="detail-body mt-4">
<table class="table table-sm">
  <thead><tr><th class="status-col">Status</th><th class="timestamp-col">Timestamp</th><th class="details-col">Details</th></tr></thead>
  <tbody>
      <tr class="event-row">
        <td><span class="badge log info-bg">Info</span></td>
        <td>10:47:34 PM</td>
        <td>
          Starting TC_PROD_003 - Nokia Lumia 1520 Test
        </td>
      </tr>
      <tr class="event-row">
        <td><span class="badge log info-bg">Info</span></td>
        <td>10:47:34 PM</td>
        <td>
          TC_PROD_003: Selecting Nokia Lumia 1520
        </td>
      </tr>
      <tr class="event-row">
        <td><span class="badge log info-bg">Info</span></td>
        <td>10:47:37 PM</td>
        <td>
          TC_PROD_003: Product Name: Nokia lumia 1520
        </td>
      </tr>
      <tr class="event-row">
        <td><span class="badge log info-bg">Info</span></td>
        <td>10:47:37 PM</td>
        <td>
          TC_PROD_003: Product Price: $820 *includes tax
        </td>
      </tr>
      <tr class="event-row">
        <td><span class="badge log pass-bg">Pass</span></td>
        <td>10:47:37 PM</td>
        <td>
          TC_PROD_003: Product should be Nokia
        </td>
      </tr>
      <tr class="event-row">
        <td><span class="badge log pass-bg">Pass</span></td>
        <td>10:47:37 PM</td>
        <td>
          TC_PROD_003: Price should contain $
        </td>
      </tr>
      <tr class="event-row">
        <td><span class="badge log pass-bg">Pass</span></td>
        <td>10:47:37 PM</td>
        <td>
          TC_PROD_003: Price should be $820
        </td>
      </tr>
      <tr class="event-row">
        <td><span class="badge log pass-bg">Pass</span></td>
        <td>10:47:38 PM</td>
        <td>
          TC_PROD_003 PASSED: Nokia Lumia 1520 details verified
        </td>
      </tr>
      <tr class="event-row">
        <td><span class="badge log pass-bg">Pass</span></td>
        <td>10:47:38 PM</td>
        <td>
          Test passed successfully
        </td>
      </tr>
  </tbody>
</table>
</div>
          </div>
        </li>
        <li class="test-item"  status="pass" test-id="10"
          author=""
          tag=""
          device="">
          <div class="test-detail">
            <p class="name">testSonyVaioI5Details</p>
            <p class="text-sm">
              <span>10:47:47 PM</span> / <span>00:00:03:898</span>
              <span class="badge pass-bg log float-right">Pass</span>
            </p>
          </div>
          <div class="test-contents d-none">
<div class="detail-head">
<div class="p-v-10">
<div class="info">
<h5 class="test-status text-pass">testSonyVaioI5Details</h5>
<span class='badge badge-success'>12.26.2025 10:47:47 PM</span>
<span class='badge badge-danger'>12.26.2025 10:47:51 PM</span>
<span class='badge badge-default'>00:00:03:898</span>
&middot; <span class='uri-anchor badge badge-default'>#test-id=10</span>
<span class='badge badge-default pointer float-right ml-1 et'><i class="fa fa-chevron-down"></i></span>
<span class='badge badge-default pointer float-right ct'><i class="fa fa-chevron-up"></i></span>
</div>
<div class="m-t-10 m-l-5">TC_PROD_004 - Verify Sony Vaio i5 details</div>
</div>
</div>    <div class="row mb-3"><div class="col-md-3">
<img data-featherlight='/home/sikucing/IdeaProjects/demoblaze-super-automation/test-output/screenshots/TC_PROD_004_Sony_Vaio_i5_Details_20251226_224751.png' src="/home/sikucing/IdeaProjects/demoblaze-super-automation/test-output/screenshots/TC_PROD_004_Sony_Vaio_i5_Details_20251226_224751.png">
    <div class="title">TC_PROD_004_Sony_Vaio_i5_Details</div>
    </div></div>
    <div class="row mb-3"><div class="col-md-3">
<img data-featherlight='/home/sikucing/IdeaProjects/demoblaze-super-automation/test-output/screenshots/testSonyVaioI5Details_Success_20251226_224751.png' src="/home/sikucing/IdeaProjects/demoblaze-super-automation/test-output/screenshots/testSonyVaioI5Details_Success_20251226_224751.png">
    <div class="title">testSonyVaioI5Details_Success</div>
    </div></div>
<div class="detail-body mt-4">
<table class="table table-sm">
  <thead><tr><th class="status-col">Status</th><th class="timestamp-col">Timestamp</th><th class="details-col">Details</th></tr></thead>
  <tbody>
      <tr class="event-row">
        <td><span class="badge log info-bg">Info</span></td>
        <td>10:47:47 PM</td>
        <td>
          Starting TC_PROD_004 - Sony Vaio i5 Test
        </td>
      </tr>
      <tr class="event-row">
        <td><span class="badge log info-bg">Info</span></td>
        <td>10:47:47 PM</td>
        <td>
          TC_PROD_004: Selecting Sony Vaio i5
        </td>
      </tr>
      <tr class="event-row">
        <td><span class="badge log info-bg">Info</span></td>
        <td>10:47:51 PM</td>
        <td>
          TC_PROD_004: Product Name: Sony vaio i5
        </td>
      </tr>
      <tr class="event-row">
        <td><span class="badge log info-bg">Info</span></td>
        <td>10:47:51 PM</td>
        <td>
          TC_PROD_004: Product Price: $790 *includes tax
        </td>
      </tr>
      <tr class="event-row">
        <td><span class="badge log pass-bg">Pass</span></td>
        <td>10:47:51 PM</td>
        <td>
          TC_PROD_004: Product should be Sony
        </td>
      </tr>
      <tr class="event-row">
        <td><span class="badge log pass-bg">Pass</span></td>
        <td>10:47:51 PM</td>
        <td>
          TC_PROD_004: Price should contain $
        </td>
      </tr>
      <tr class="event-row">
        <td><span class="badge log pass-bg">Pass</span></td>
        <td>10:47:51 PM</td>
        <td>
          TC_PROD_004: Price should be $790
        </td>
      </tr>
      <tr class="event-row">
        <td><span class="badge log pass-bg">Pass</span></td>
        <td>10:47:51 PM</td>
        <td>
          TC_PROD_004 PASSED: Sony Vaio i5 details verified
        </td>
      </tr>
      <tr class="event-row">
        <td><span class="badge log pass-bg">Pass</span></td>
        <td>10:47:51 PM</td>
        <td>
          Test passed successfully
        </td>
      </tr>
  </tbody>
</table>
</div>
          </div>
        </li>
        <li class="test-item"  status="pass" test-id="11"
          author=""
          tag=""
          device="">
          <div class="test-detail">
            <p class="name">testPriceFormatConsistency</p>
            <p class="text-sm">
              <span>10:48:02 PM</span> / <span>00:00:18:035</span>
              <span class="badge pass-bg log float-right">Pass</span>
            </p>
          </div>
          <div class="test-contents d-none">
<div class="detail-head">
<div class="p-v-10">
<div class="info">
<h5 class="test-status text-pass">testPriceFormatConsistency</h5>
<span class='badge badge-success'>12.26.2025 10:48:02 PM</span>
<span class='badge badge-danger'>12.26.2025 10:48:20 PM</span>
<span class='badge badge-default'>00:00:18:035</span>
&middot; <span class='uri-anchor badge badge-default'>#test-id=11</span>
<span class='badge badge-default pointer float-right ml-1 et'><i class="fa fa-chevron-down"></i></span>
<span class='badge badge-default pointer float-right ct'><i class="fa fa-chevron-up"></i></span>
</div>
<div class="m-t-10 m-l-5">TC_PROD_005 - Verify product price format consistency</div>
</div>
</div>    <div class="row mb-3"><div class="col-md-3">
<img data-featherlight='/home/sikucing/IdeaProjects/demoblaze-super-automation/test-output/screenshots/TC_PROD_005_Price_Format_20251226_224819.png' src="/home/sikucing/IdeaProjects/demoblaze-super-automation/test-output/screenshots/TC_PROD_005_Price_Format_20251226_224819.png">
    <div class="title">TC_PROD_005_Price_Format</div>
    </div></div>
    <div class="row mb-3"><div class="col-md-3">
<img data-featherlight='/home/sikucing/IdeaProjects/demoblaze-super-automation/test-output/screenshots/testPriceFormatConsistency_Success_20251226_224819.png' src="/home/sikucing/IdeaProjects/demoblaze-super-automation/test-output/screenshots/testPriceFormatConsistency_Success_20251226_224819.png">
    <div class="title">testPriceFormatConsistency_Success</div>
    </div></div>
<div class="detail-body mt-4">
<table class="table table-sm">
  <thead><tr><th class="status-col">Status</th><th class="timestamp-col">Timestamp</th><th class="details-col">Details</th></tr></thead>
  <tbody>
      <tr class="event-row">
        <td><span class="badge log info-bg">Info</span></td>
        <td>10:48:02 PM</td>
        <td>
          Starting TC_PROD_005 - Price Format Consistency Test
        </td>
      </tr>
      <tr class="event-row">
        <td><span class="badge log info-bg">Info</span></td>
        <td>10:48:02 PM</td>
        <td>
          TC_PROD_005: Testing price format for: Samsung galaxy s6
        </td>
      </tr>
      <tr class="event-row">
        <td><span class="badge log pass-bg">Pass</span></td>
        <td>10:48:05 PM</td>
        <td>
          TC_PROD_005: Price should start with $ for Samsung galaxy s6
        </td>
      </tr>
      <tr class="event-row">
        <td><span class="badge log pass-bg">Pass</span></td>
        <td>10:48:05 PM</td>
        <td>
          TC_PROD_005: Price should have reasonable length for Samsung galaxy s6
        </td>
      </tr>
      <tr class="event-row">
        <td><span class="badge log info-bg">Info</span></td>
        <td>10:48:08 PM</td>
        <td>
          TC_PROD_005: Testing price format for: Nokia lumia 1520
        </td>
      </tr>
      <tr class="event-row">
        <td><span class="badge log pass-bg">Pass</span></td>
        <td>10:48:11 PM</td>
        <td>
          TC_PROD_005: Price should start with $ for Nokia lumia 1520
        </td>
      </tr>
      <tr class="event-row">
        <td><span class="badge log pass-bg">Pass</span></td>
        <td>10:48:11 PM</td>
        <td>
          TC_PROD_005: Price should have reasonable length for Nokia lumia 1520
        </td>
      </tr>
      <tr class="event-row">
        <td><span class="badge log info-bg">Info</span></td>
        <td>10:48:14 PM</td>
        <td>
          TC_PROD_005: Testing price format for: Nexus 6
        </td>
      </tr>
      <tr class="event-row">
        <td><span class="badge log pass-bg">Pass</span></td>
        <td>10:48:17 PM</td>
        <td>
          TC_PROD_005: Price should start with $ for Nexus 6
        </td>
      </tr>
      <tr class="event-row">
        <td><span class="badge log pass-bg">Pass</span></td>
        <td>10:48:17 PM</td>
        <td>
          TC_PROD_005: Price should have reasonable length for Nexus 6
        </td>
      </tr>
      <tr class="event-row">
        <td><span class="badge log pass-bg">Pass</span></td>
        <td>10:48:19 PM</td>
        <td>
          TC_PROD_005 PASSED: Product price format is consistent
        </td>
      </tr>
      <tr class="event-row">
        <td><span class="badge log pass-bg">Pass</span></td>
        <td>10:48:19 PM</td>
        <td>
          Test passed successfully
        </td>
      </tr>
  </tbody>
</table>
</div>
          </div>
        </li>
        <li class="test-item"  status="pass" test-id="12"
          author=""
          tag=""
          device="">
          <div class="test-detail">
            <p class="name">testProductCategoriesFilter</p>
            <p class="text-sm">
              <span>10:48:27 PM</span> / <span>00:00:11:649</span>
              <span class="badge pass-bg log float-right">Pass</span>
            </p>
          </div>
          <div class="test-contents d-none">
<div class="detail-head">
<div class="p-v-10">
<div class="info">
<h5 class="test-status text-pass">testProductCategoriesFilter</h5>
<span class='badge badge-success'>12.26.2025 10:48:27 PM</span>
<span class='badge badge-danger'>12.26.2025 10:48:38 PM</span>
<span class='badge badge-default'>00:00:11:649</span>
&middot; <span class='uri-anchor badge badge-default'>#test-id=12</span>
<span class='badge badge-default pointer float-right ml-1 et'><i class="fa fa-chevron-down"></i></span>
<span class='badge badge-default pointer float-right ct'><i class="fa fa-chevron-up"></i></span>
</div>
<div class="m-t-10 m-l-5">TC_PROD_006 - Verify product categories filter</div>
</div>
</div>    <div class="row mb-3"><div class="col-md-3">
<img data-featherlight='/home/sikucing/IdeaProjects/demoblaze-super-automation/test-output/screenshots/TC_PROD_006_Phones_Category_20251226_224831.png' src="/home/sikucing/IdeaProjects/demoblaze-super-automation/test-output/screenshots/TC_PROD_006_Phones_Category_20251226_224831.png">
    <div class="title">TC_PROD_006_Phones_Category</div>
    </div></div>
    <div class="row mb-3"><div class="col-md-3">
<img data-featherlight='/home/sikucing/IdeaProjects/demoblaze-super-automation/test-output/screenshots/TC_PROD_006_Laptops_Category_20251226_224834.png' src="/home/sikucing/IdeaProjects/demoblaze-super-automation/test-output/screenshots/TC_PROD_006_Laptops_Category_20251226_224834.png">
    <div class="title">TC_PROD_006_Laptops_Category</div>
    </div></div>
    <div class="row mb-3"><div class="col-md-3">
<img data-featherlight='/home/sikucing/IdeaProjects/demoblaze-super-automation/test-output/screenshots/TC_PROD_006_Monitors_Category_20251226_224838.png' src="/home/sikucing/IdeaProjects/demoblaze-super-automation/test-output/screenshots/TC_PROD_006_Monitors_Category_20251226_224838.png">
    <div class="title">TC_PROD_006_Monitors_Category</div>
    </div></div>
    <div class="row mb-3"><div class="col-md-3">
<img data-featherlight='/home/sikucing/IdeaProjects/demoblaze-super-automation/test-output/screenshots/testProductCategoriesFilter_Success_20251226_224838.png' src="/home/sikucing/IdeaProjects/demoblaze-super-automation/test-output/screenshots/testProductCategoriesFilter_Success_20251226_224838.png">
    <div class="title">testProductCategoriesFilter_Success</div>
    </div></div>
<div class="detail-body mt-4">
<table class="table table-sm">
  <thead><tr><th class="status-col">Status</th><th class="timestamp-col">Timestamp</th><th class="details-col">Details</th></tr></thead>
  <tbody>
      <tr class="event-row">
        <td><span class="badge log info-bg">Info</span></td>
        <td>10:48:27 PM</td>
        <td>
          Starting TC_PROD_006 - Product Categories Filter Test
        </td>
      </tr>
      <tr class="event-row">
        <td><span class="badge log info-bg">Info</span></td>
        <td>10:48:27 PM</td>
        <td>
          TC_PROD_006: Testing Phones category
        </td>
      </tr>
      <tr class="event-row">
        <td><span class="badge log info-bg">Info</span></td>
        <td>10:48:31 PM</td>
        <td>
          TC_PROD_006: Phones category shows 7 products
        </td>
      </tr>
      <tr class="event-row">
        <td><span class="badge log pass-bg">Pass</span></td>
        <td>10:48:31 PM</td>
        <td>
          TC_PROD_006: Should show at least 7 phones
        </td>
      </tr>
      <tr class="event-row">
        <td><span class="badge log info-bg">Info</span></td>
        <td>10:48:31 PM</td>
        <td>
          TC_PROD_006: Testing Laptops category
        </td>
      </tr>
      <tr class="event-row">
        <td><span class="badge log info-bg">Info</span></td>
        <td>10:48:34 PM</td>
        <td>
          TC_PROD_006: Laptops category shows 6 products
        </td>
      </tr>
      <tr class="event-row">
        <td><span class="badge log pass-bg">Pass</span></td>
        <td>10:48:34 PM</td>
        <td>
          TC_PROD_006: Should show at least 2 laptops
        </td>
      </tr>
      <tr class="event-row">
        <td><span class="badge log info-bg">Info</span></td>
        <td>10:48:35 PM</td>
        <td>
          TC_PROD_006: Testing Monitors category
        </td>
      </tr>
      <tr class="event-row">
        <td><span class="badge log info-bg">Info</span></td>
        <td>10:48:38 PM</td>
        <td>
          TC_PROD_006: Monitors category shows 2 products
        </td>
      </tr>
      <tr class="event-row">
        <td><span class="badge log pass-bg">Pass</span></td>
        <td>10:48:38 PM</td>
        <td>
          TC_PROD_006: Monitors count should be non-negative
        </td>
      </tr>
      <tr class="event-row">
        <td><span class="badge log pass-bg">Pass</span></td>
        <td>10:48:38 PM</td>
        <td>
          TC_PROD_006 PASSED: Product categories filter correctly
        </td>
      </tr>
      <tr class="event-row">
        <td><span class="badge log pass-bg">Pass</span></td>
        <td>10:48:38 PM</td>
        <td>
          Test passed successfully
        </td>
      </tr>
  </tbody>
</table>
</div>
          </div>
        </li>
        <li class="test-item"  status="pass" test-id="13"
          author=""
          tag=""
          device="">
          <div class="test-detail">
            <p class="name">testProductDescriptionExists</p>
            <p class="text-sm">
              <span>10:48:49 PM</span> / <span>00:00:18:412</span>
              <span class="badge pass-bg log float-right">Pass</span>
            </p>
          </div>
          <div class="test-contents d-none">
<div class="detail-head">
<div class="p-v-10">
<div class="info">
<h5 class="test-status text-pass">testProductDescriptionExists</h5>
<span class='badge badge-success'>12.26.2025 10:48:49 PM</span>
<span class='badge badge-danger'>12.26.2025 10:49:07 PM</span>
<span class='badge badge-default'>00:00:18:412</span>
&middot; <span class='uri-anchor badge badge-default'>#test-id=13</span>
<span class='badge badge-default pointer float-right ml-1 et'><i class="fa fa-chevron-down"></i></span>
<span class='badge badge-default pointer float-right ct'><i class="fa fa-chevron-up"></i></span>
</div>
<div class="m-t-10 m-l-5">TC_PROD_007 - Verify product description exists</div>
</div>
</div>    <div class="row mb-3"><div class="col-md-3">
<img data-featherlight='/home/sikucing/IdeaProjects/demoblaze-super-automation/test-output/screenshots/TC_PROD_007_Product_Description_20251226_224907.png' src="/home/sikucing/IdeaProjects/demoblaze-super-automation/test-output/screenshots/TC_PROD_007_Product_Description_20251226_224907.png">
    <div class="title">TC_PROD_007_Product_Description</div>
    </div></div>
    <div class="row mb-3"><div class="col-md-3">
<img data-featherlight='/home/sikucing/IdeaProjects/demoblaze-super-automation/test-output/screenshots/testProductDescriptionExists_Success_20251226_224907.png' src="/home/sikucing/IdeaProjects/demoblaze-super-automation/test-output/screenshots/testProductDescriptionExists_Success_20251226_224907.png">
    <div class="title">testProductDescriptionExists_Success</div>
    </div></div>
<div class="detail-body mt-4">
<table class="table table-sm">
  <thead><tr><th class="status-col">Status</th><th class="timestamp-col">Timestamp</th><th class="details-col">Details</th></tr></thead>
  <tbody>
      <tr class="event-row">
        <td><span class="badge log info-bg">Info</span></td>
        <td>10:48:49 PM</td>
        <td>
          Starting TC_PROD_007 - Product Description Test
        </td>
      </tr>
      <tr class="event-row">
        <td><span class="badge log info-bg">Info</span></td>
        <td>10:48:49 PM</td>
        <td>
          TC_PROD_007: Checking description for: Samsung galaxy s6
        </td>
      </tr>
      <tr class="event-row">
        <td><span class="badge log pass-bg">Pass</span></td>
        <td>10:48:52 PM</td>
        <td>
          TC_PROD_007: Product should have description for Samsung galaxy s6
        </td>
      </tr>
      <tr class="event-row">
        <td><span class="badge log info-bg">Info</span></td>
        <td>10:48:55 PM</td>
        <td>
          TC_PROD_007: Checking description for: Nokia lumia 1520
        </td>
      </tr>
      <tr class="event-row">
        <td><span class="badge log pass-bg">Pass</span></td>
        <td>10:48:58 PM</td>
        <td>
          TC_PROD_007: Product should have description for Nokia lumia 1520
        </td>
      </tr>
      <tr class="event-row">
        <td><span class="badge log info-bg">Info</span></td>
        <td>10:49:01 PM</td>
        <td>
          TC_PROD_007: Checking description for: Nexus 6
        </td>
      </tr>
      <tr class="event-row">
        <td><span class="badge log pass-bg">Pass</span></td>
        <td>10:49:05 PM</td>
        <td>
          TC_PROD_007: Product should have description for Nexus 6
        </td>
      </tr>
      <tr class="event-row">
        <td><span class="badge log pass-bg">Pass</span></td>
        <td>10:49:07 PM</td>
        <td>
          TC_PROD_007 PASSED: Product descriptions exist
        </td>
      </tr>
      <tr class="event-row">
        <td><span class="badge log pass-bg">Pass</span></td>
        <td>10:49:07 PM</td>
        <td>
          Test passed successfully
        </td>
      </tr>
  </tbody>
</table>
</div>
          </div>
        </li>
        <li class="test-item"  status="pass" test-id="14"
          author=""
          tag=""
          device="">
          <div class="test-detail">
            <p class="name">testProductImagesDisplayed</p>
            <p class="text-sm">
              <span>10:49:17 PM</span> / <span>00:00:00:924</span>
              <span class="badge pass-bg log float-right">Pass</span>
            </p>
          </div>
          <div class="test-contents d-none">
<div class="detail-head">
<div class="p-v-10">
<div class="info">
<h5 class="test-status text-pass">testProductImagesDisplayed</h5>
<span class='badge badge-success'>12.26.2025 10:49:17 PM</span>
<span class='badge badge-danger'>12.26.2025 10:49:18 PM</span>
<span class='badge badge-default'>00:00:00:924</span>
&middot; <span class='uri-anchor badge badge-default'>#test-id=14</span>
<span class='badge badge-default pointer float-right ml-1 et'><i class="fa fa-chevron-down"></i></span>
<span class='badge badge-default pointer float-right ct'><i class="fa fa-chevron-up"></i></span>
</div>
<div class="m-t-10 m-l-5">TC_PROD_008 - Verify product images displayed</div>
</div>
</div>    <div class="row mb-3"><div class="col-md-3">
<img data-featherlight='/home/sikucing/IdeaProjects/demoblaze-super-automation/test-output/screenshots/TC_PROD_008_Product_Images_20251226_224917.png' src="/home/sikucing/IdeaProjects/demoblaze-super-automation/test-output/screenshots/TC_PROD_008_Product_Images_20251226_224917.png">
    <div class="title">TC_PROD_008_Product_Images</div>
    </div></div>
    <div class="row mb-3"><div class="col-md-3">
<img data-featherlight='/home/sikucing/IdeaProjects/demoblaze-super-automation/test-output/screenshots/testProductImagesDisplayed_Success_20251226_224917.png' src="/home/sikucing/IdeaProjects/demoblaze-super-automation/test-output/screenshots/testProductImagesDisplayed_Success_20251226_224917.png">
    <div class="title">testProductImagesDisplayed_Success</div>
    </div></div>
<div class="detail-body mt-4">
<table class="table table-sm">
  <thead><tr><th class="status-col">Status</th><th class="timestamp-col">Timestamp</th><th class="details-col">Details</th></tr></thead>
  <tbody>
      <tr class="event-row">
        <td><span class="badge log info-bg">Info</span></td>
        <td>10:49:17 PM</td>
        <td>
          Starting TC_PROD_008 - Product Images Test
        </td>
      </tr>
      <tr class="event-row">
        <td><span class="badge log pass-bg">Pass</span></td>
        <td>10:49:17 PM</td>
        <td>
          TC_PROD_008: Products should have images
        </td>
      </tr>
      <tr class="event-row">
        <td><span class="badge log pass-bg">Pass</span></td>
        <td>10:49:17 PM</td>
        <td>
          TC_PROD_008 PASSED: Product images are displayed
        </td>
      </tr>
      <tr class="event-row">
        <td><span class="badge log pass-bg">Pass</span></td>
        <td>10:49:17 PM</td>
        <td>
          Test passed successfully
        </td>
      </tr>
  </tbody>
</table>
</div>
          </div>
        </li>
        <li class="test-item"  status="pass" test-id="15"
          author=""
          tag=""
          device="">
          <div class="test-detail">
            <p class="name">testProductSorting</p>
            <p class="text-sm">
              <span>10:49:28 PM</span> / <span>00:00:00:787</span>
              <span class="badge pass-bg log float-right">Pass</span>
            </p>
          </div>
          <div class="test-contents d-none">
<div class="detail-head">
<div class="p-v-10">
<div class="info">
<h5 class="test-status text-pass">testProductSorting</h5>
<span class='badge badge-success'>12.26.2025 10:49:28 PM</span>
<span class='badge badge-danger'>12.26.2025 10:49:29 PM</span>
<span class='badge badge-default'>00:00:00:787</span>
&middot; <span class='uri-anchor badge badge-default'>#test-id=15</span>
<span class='badge badge-default pointer float-right ml-1 et'><i class="fa fa-chevron-down"></i></span>
<span class='badge badge-default pointer float-right ct'><i class="fa fa-chevron-up"></i></span>
</div>
<div class="m-t-10 m-l-5">TC_PROD_009 - Verify product sorting</div>
</div>
</div>    <div class="row mb-3"><div class="col-md-3">
<img data-featherlight='/home/sikucing/IdeaProjects/demoblaze-super-automation/test-output/screenshots/TC_PROD_009_Product_Sorting_20251226_224928.png' src="/home/sikucing/IdeaProjects/demoblaze-super-automation/test-output/screenshots/TC_PROD_009_Product_Sorting_20251226_224928.png">
    <div class="title">TC_PROD_009_Product_Sorting</div>
    </div></div>
    <div class="row mb-3"><div class="col-md-3">
<img data-featherlight='/home/sikucing/IdeaProjects/demoblaze-super-automation/test-output/screenshots/testProductSorting_Success_20251226_224929.png' src="/home/sikucing/IdeaProjects/demoblaze-super-automation/test-output/screenshots/testProductSorting_Success_20251226_224929.png">
    <div class="title">testProductSorting_Success</div>
    </div></div>
<div class="detail-body mt-4">
<table class="table table-sm">
  <thead><tr><th class="status-col">Status</th><th class="timestamp-col">Timestamp</th><th class="details-col">Details</th></tr></thead>
  <tbody>
      <tr class="event-row">
        <td><span class="badge log info-bg">Info</span></td>
        <td>10:49:28 PM</td>
        <td>
          Starting TC_PROD_009 - Product Sorting Test
        </td>
      </tr>
      <tr class="event-row">
        <td><span class="badge log info-bg">Info</span></td>
        <td>10:49:28 PM</td>
        <td>
          TC_PROD_009: Sorting functionality appears available
        </td>
      </tr>
      <tr class="event-row">
        <td><span class="badge log pass-bg">Pass</span></td>
        <td>10:49:29 PM</td>
        <td>
          TC_PROD_009 PASSED: Product sorting check completed
        </td>
      </tr>
      <tr class="event-row">
        <td><span class="badge log pass-bg">Pass</span></td>
        <td>10:49:29 PM</td>
        <td>
          Test passed successfully
        </td>
      </tr>
  </tbody>
</table>
</div>
          </div>
        </li>
        <li class="test-item"  status="pass" test-id="16"
          author=""
          tag=""
          device="">
          <div class="test-detail">
            <p class="name">testProductPagination</p>
            <p class="text-sm">
              <span>10:49:39 PM</span> / <span>00:00:01:016</span>
              <span class="badge pass-bg log float-right">Pass</span>
            </p>
          </div>
          <div class="test-contents d-none">
<div class="detail-head">
<div class="p-v-10">
<div class="info">
<h5 class="test-status text-pass">testProductPagination</h5>
<span class='badge badge-success'>12.26.2025 10:49:39 PM</span>
<span class='badge badge-danger'>12.26.2025 10:49:40 PM</span>
<span class='badge badge-default'>00:00:01:016</span>
&middot; <span class='uri-anchor badge badge-default'>#test-id=16</span>
<span class='badge badge-default pointer float-right ml-1 et'><i class="fa fa-chevron-down"></i></span>
<span class='badge badge-default pointer float-right ct'><i class="fa fa-chevron-up"></i></span>
</div>
<div class="m-t-10 m-l-5">TC_PROD_010 - Verify product pagination</div>
</div>
</div>    <div class="row mb-3"><div class="col-md-3">
<img data-featherlight='/home/sikucing/IdeaProjects/demoblaze-super-automation/test-output/screenshots/TC_PROD_010_Pagination_20251226_224940.png' src="/home/sikucing/IdeaProjects/demoblaze-super-automation/test-output/screenshots/TC_PROD_010_Pagination_20251226_224940.png">
    <div class="title">TC_PROD_010_Pagination</div>
    </div></div>
    <div class="row mb-3"><div class="col-md-3">
<img data-featherlight='/home/sikucing/IdeaProjects/demoblaze-super-automation/test-output/screenshots/testProductPagination_Success_20251226_224940.png' src="/home/sikucing/IdeaProjects/demoblaze-super-automation/test-output/screenshots/testProductPagination_Success_20251226_224940.png">
    <div class="title">testProductPagination_Success</div>
    </div></div>
<div class="detail-body mt-4">
<table class="table table-sm">
  <thead><tr><th class="status-col">Status</th><th class="timestamp-col">Timestamp</th><th class="details-col">Details</th></tr></thead>
  <tbody>
      <tr class="event-row">
        <td><span class="badge log info-bg">Info</span></td>
        <td>10:49:39 PM</td>
        <td>
          Starting TC_PROD_010 - Product Pagination Test
        </td>
      </tr>
      <tr class="event-row">
        <td><span class="badge log info-bg">Info</span></td>
        <td>10:49:40 PM</td>
        <td>
          TC_PROD_010: Pagination controls found
        </td>
      </tr>
      <tr class="event-row">
        <td><span class="badge log pass-bg">Pass</span></td>
        <td>10:49:40 PM</td>
        <td>
          TC_PROD_010 PASSED: Product pagination check completed
        </td>
      </tr>
      <tr class="event-row">
        <td><span class="badge log pass-bg">Pass</span></td>
        <td>10:49:40 PM</td>
        <td>
          Test passed successfully
        </td>
      </tr>
  </tbody>
</table>
</div>
          </div>
        </li>
        <li class="test-item"  status="pass" test-id="17"
          author=""
          tag=""
          device="">
          <div class="test-detail">
            <p class="name">testProductAvailability</p>
            <p class="text-sm">
              <span>10:49:45 PM</span> / <span>00:00:16:743</span>
              <span class="badge pass-bg log float-right">Pass</span>
            </p>
          </div>
          <div class="test-contents d-none">
<div class="detail-head">
<div class="p-v-10">
<div class="info">
<h5 class="test-status text-pass">testProductAvailability</h5>
<span class='badge badge-success'>12.26.2025 10:49:45 PM</span>
<span class='badge badge-danger'>12.26.2025 10:50:01 PM</span>
<span class='badge badge-default'>00:00:16:743</span>
&middot; <span class='uri-anchor badge badge-default'>#test-id=17</span>
<span class='badge badge-default pointer float-right ml-1 et'><i class="fa fa-chevron-down"></i></span>
<span class='badge badge-default pointer float-right ct'><i class="fa fa-chevron-up"></i></span>
</div>
<div class="m-t-10 m-l-5">TC_PROD_011 - Verify product availability</div>
</div>
</div>    <div class="row mb-3"><div class="col-md-3">
<img data-featherlight='/home/sikucing/IdeaProjects/demoblaze-super-automation/test-output/screenshots/TC_PROD_011_Product_Availability_20251226_225001.png' src="/home/sikucing/IdeaProjects/demoblaze-super-automation/test-output/screenshots/TC_PROD_011_Product_Availability_20251226_225001.png">
    <div class="title">TC_PROD_011_Product_Availability</div>
    </div></div>
    <div class="row mb-3"><div class="col-md-3">
<img data-featherlight='/home/sikucing/IdeaProjects/demoblaze-super-automation/test-output/screenshots/testProductAvailability_Success_20251226_225001.png' src="/home/sikucing/IdeaProjects/demoblaze-super-automation/test-output/screenshots/testProductAvailability_Success_20251226_225001.png">
    <div class="title">testProductAvailability_Success</div>
    </div></div>
<div class="detail-body mt-4">
<table class="table table-sm">
  <thead><tr><th class="status-col">Status</th><th class="timestamp-col">Timestamp</th><th class="details-col">Details</th></tr></thead>
  <tbody>
      <tr class="event-row">
        <td><span class="badge log info-bg">Info</span></td>
        <td>10:49:45 PM</td>
        <td>
          Starting TC_PROD_011 - Product Availability Test
        </td>
      </tr>
      <tr class="event-row">
        <td><span class="badge log info-bg">Info</span></td>
        <td>10:49:45 PM</td>
        <td>
          TC_PROD_011: Checking availability for: Samsung galaxy s6
        </td>
      </tr>
      <tr class="event-row">
        <td><span class="badge log info-bg">Info</span></td>
        <td>10:49:53 PM</td>
        <td>
          TC_PROD_011: Checking availability for: Nokia lumia 1520
        </td>
      </tr>
      <tr class="event-row">
        <td><span class="badge log pass-bg">Pass</span></td>
        <td>10:50:01 PM</td>
        <td>
          TC_PROD_011 PASSED: Products appear to be available (Add to Cart works)
        </td>
      </tr>
      <tr class="event-row">
        <td><span class="badge log pass-bg">Pass</span></td>
        <td>10:50:01 PM</td>
        <td>
          Test passed successfully
        </td>
      </tr>
  </tbody>
</table>
</div>
          </div>
        </li>
        <li class="test-item"  status="pass" test-id="18"
          author=""
          tag=""
          device="">
          <div class="test-detail">
            <p class="name">testProductComparison</p>
            <p class="text-sm">
              <span>10:50:09 PM</span> / <span>00:00:00:770</span>
              <span class="badge pass-bg log float-right">Pass</span>
            </p>
          </div>
          <div class="test-contents d-none">
<div class="detail-head">
<div class="p-v-10">
<div class="info">
<h5 class="test-status text-pass">testProductComparison</h5>
<span class='badge badge-success'>12.26.2025 10:50:09 PM</span>
<span class='badge badge-danger'>12.26.2025 10:50:10 PM</span>
<span class='badge badge-default'>00:00:00:770</span>
&middot; <span class='uri-anchor badge badge-default'>#test-id=18</span>
<span class='badge badge-default pointer float-right ml-1 et'><i class="fa fa-chevron-down"></i></span>
<span class='badge badge-default pointer float-right ct'><i class="fa fa-chevron-up"></i></span>
</div>
<div class="m-t-10 m-l-5">TC_PROD_012 - Verify product comparison</div>
</div>
</div>    <div class="row mb-3"><div class="col-md-3">
<img data-featherlight='/home/sikucing/IdeaProjects/demoblaze-super-automation/test-output/screenshots/TC_PROD_012_Product_Comparison_20251226_225009.png' src="/home/sikucing/IdeaProjects/demoblaze-super-automation/test-output/screenshots/TC_PROD_012_Product_Comparison_20251226_225009.png">
    <div class="title">TC_PROD_012_Product_Comparison</div>
    </div></div>
    <div class="row mb-3"><div class="col-md-3">
<img data-featherlight='/home/sikucing/IdeaProjects/demoblaze-super-automation/test-output/screenshots/testProductComparison_Success_20251226_225009.png' src="/home/sikucing/IdeaProjects/demoblaze-super-automation/test-output/screenshots/testProductComparison_Success_20251226_225009.png">
    <div class="title">testProductComparison_Success</div>
    </div></div>
<div class="detail-body mt-4">
<table class="table table-sm">
  <thead><tr><th class="status-col">Status</th><th class="timestamp-col">Timestamp</th><th class="details-col">Details</th></tr></thead>
  <tbody>
      <tr class="event-row">
        <td><span class="badge log info-bg">Info</span></td>
        <td>10:50:09 PM</td>
        <td>
          Starting TC_PROD_012 - Product Comparison Test
        </td>
      </tr>
      <tr class="event-row">
        <td><span class="badge log info-bg">Info</span></td>
        <td>10:50:09 PM</td>
        <td>
          TC_PROD_012: No comparison feature (may be normal)
        </td>
      </tr>
      <tr class="event-row">
        <td><span class="badge log pass-bg">Pass</span></td>
        <td>10:50:09 PM</td>
        <td>
          TC_PROD_012 PASSED: Product comparison check completed
        </td>
      </tr>
      <tr class="event-row">
        <td><span class="badge log pass-bg">Pass</span></td>
        <td>10:50:09 PM</td>
        <td>
          Test passed successfully
        </td>
      </tr>
  </tbody>
</table>
</div>
          </div>
        </li>
        <li class="test-item"  status="pass" test-id="19"
          author=""
          tag=""
          device="">
          <div class="test-detail">
            <p class="name">testProductReviews</p>
            <p class="text-sm">
              <span>10:50:14 PM</span> / <span>00:00:03:853</span>
              <span class="badge pass-bg log float-right">Pass</span>
            </p>
          </div>
          <div class="test-contents d-none">
<div class="detail-head">
<div class="p-v-10">
<div class="info">
<h5 class="test-status text-pass">testProductReviews</h5>
<span class='badge badge-success'>12.26.2025 10:50:14 PM</span>
<span class='badge badge-danger'>12.26.2025 10:50:18 PM</span>
<span class='badge badge-default'>00:00:03:853</span>
&middot; <span class='uri-anchor badge badge-default'>#test-id=19</span>
<span class='badge badge-default pointer float-right ml-1 et'><i class="fa fa-chevron-down"></i></span>
<span class='badge badge-default pointer float-right ct'><i class="fa fa-chevron-up"></i></span>
</div>
<div class="m-t-10 m-l-5">TC_PROD_013 - Verify product reviews/ratings</div>
</div>
</div>    <div class="row mb-3"><div class="col-md-3">
<img data-featherlight='/home/sikucing/IdeaProjects/demoblaze-super-automation/test-output/screenshots/TC_PROD_013_Product_Reviews_20251226_225018.png' src="/home/sikucing/IdeaProjects/demoblaze-super-automation/test-output/screenshots/TC_PROD_013_Product_Reviews_20251226_225018.png">
    <div class="title">TC_PROD_013_Product_Reviews</div>
    </div></div>
    <div class="row mb-3"><div class="col-md-3">
<img data-featherlight='/home/sikucing/IdeaProjects/demoblaze-super-automation/test-output/screenshots/testProductReviews_Success_20251226_225018.png' src="/home/sikucing/IdeaProjects/demoblaze-super-automation/test-output/screenshots/testProductReviews_Success_20251226_225018.png">
    <div class="title">testProductReviews_Success</div>
    </div></div>
<div class="detail-body mt-4">
<table class="table table-sm">
  <thead><tr><th class="status-col">Status</th><th class="timestamp-col">Timestamp</th><th class="details-col">Details</th></tr></thead>
  <tbody>
      <tr class="event-row">
        <td><span class="badge log info-bg">Info</span></td>
        <td>10:50:14 PM</td>
        <td>
          Starting TC_PROD_013 - Product Reviews Test
        </td>
      </tr>
      <tr class="event-row">
        <td><span class="badge log info-bg">Info</span></td>
        <td>10:50:15 PM</td>
        <td>
          TC_PROD_013: Checking for reviews on a product page
        </td>
      </tr>
      <tr class="event-row">
        <td><span class="badge log info-bg">Info</span></td>
        <td>10:50:18 PM</td>
        <td>
          TC_PROD_013: Review/rating system found
        </td>
      </tr>
      <tr class="event-row">
        <td><span class="badge log pass-bg">Pass</span></td>
        <td>10:50:18 PM</td>
        <td>
          TC_PROD_013 PASSED: Product reviews check completed
        </td>
      </tr>
      <tr class="event-row">
        <td><span class="badge log pass-bg">Pass</span></td>
        <td>10:50:18 PM</td>
        <td>
          Test passed successfully
        </td>
      </tr>
  </tbody>
</table>
</div>
          </div>
        </li>
        <li class="test-item"  status="pass" test-id="20"
          author=""
          tag=""
          device="">
          <div class="test-detail">
            <p class="name">testRelatedProducts</p>
            <p class="text-sm">
              <span>10:50:28 PM</span> / <span>00:00:03:869</span>
              <span class="badge pass-bg log float-right">Pass</span>
            </p>
          </div>
          <div class="test-contents d-none">
<div class="detail-head">
<div class="p-v-10">
<div class="info">
<h5 class="test-status text-pass">testRelatedProducts</h5>
<span class='badge badge-success'>12.26.2025 10:50:28 PM</span>
<span class='badge badge-danger'>12.26.2025 10:50:32 PM</span>
<span class='badge badge-default'>00:00:03:869</span>
&middot; <span class='uri-anchor badge badge-default'>#test-id=20</span>
<span class='badge badge-default pointer float-right ml-1 et'><i class="fa fa-chevron-down"></i></span>
<span class='badge badge-default pointer float-right ct'><i class="fa fa-chevron-up"></i></span>
</div>
<div class="m-t-10 m-l-5">TC_PROD_014 - Verify related products</div>
</div>
</div>    <div class="row mb-3"><div class="col-md-3">
<img data-featherlight='/home/sikucing/IdeaProjects/demoblaze-super-automation/test-output/screenshots/TC_PROD_014_Related_Products_20251226_225032.png' src="/home/sikucing/IdeaProjects/demoblaze-super-automation/test-output/screenshots/TC_PROD_014_Related_Products_20251226_225032.png">
    <div class="title">TC_PROD_014_Related_Products</div>
    </div></div>
    <div class="row mb-3"><div class="col-md-3">
<img data-featherlight='/home/sikucing/IdeaProjects/demoblaze-super-automation/test-output/screenshots/testRelatedProducts_Success_20251226_225032.png' src="/home/sikucing/IdeaProjects/demoblaze-super-automation/test-output/screenshots/testRelatedProducts_Success_20251226_225032.png">
    <div class="title">testRelatedProducts_Success</div>
    </div></div>
<div class="detail-body mt-4">
<table class="table table-sm">
  <thead><tr><th class="status-col">Status</th><th class="timestamp-col">Timestamp</th><th class="details-col">Details</th></tr></thead>
  <tbody>
      <tr class="event-row">
        <td><span class="badge log info-bg">Info</span></td>
        <td>10:50:28 PM</td>
        <td>
          Starting TC_PROD_014 - Related Products Test
        </td>
      </tr>
      <tr class="event-row">
        <td><span class="badge log info-bg">Info</span></td>
        <td>10:50:32 PM</td>
        <td>
          TC_PROD_014: No related products (may be normal)
        </td>
      </tr>
      <tr class="event-row">
        <td><span class="badge log pass-bg">Pass</span></td>
        <td>10:50:32 PM</td>
        <td>
          TC_PROD_014 PASSED: Related products check completed
        </td>
      </tr>
      <tr class="event-row">
        <td><span class="badge log pass-bg">Pass</span></td>
        <td>10:50:32 PM</td>
        <td>
          Test passed successfully
        </td>
      </tr>
  </tbody>
</table>
</div>
          </div>
        </li>
        <li class="test-item"  status="pass" test-id="21"
          author=""
          tag=""
          device="">
          <div class="test-detail">
            <p class="name">testProductSpecifications</p>
            <p class="text-sm">
              <span>10:50:42 PM</span> / <span>00:00:03:826</span>
              <span class="badge pass-bg log float-right">Pass</span>
            </p>
          </div>
          <div class="test-contents d-none">
<div class="detail-head">
<div class="p-v-10">
<div class="info">
<h5 class="test-status text-pass">testProductSpecifications</h5>
<span class='badge badge-success'>12.26.2025 10:50:42 PM</span>
<span class='badge badge-danger'>12.26.2025 10:50:46 PM</span>
<span class='badge badge-default'>00:00:03:826</span>
&middot; <span class='uri-anchor badge badge-default'>#test-id=21</span>
<span class='badge badge-default pointer float-right ml-1 et'><i class="fa fa-chevron-down"></i></span>
<span class='badge badge-default pointer float-right ct'><i class="fa fa-chevron-up"></i></span>
</div>
<div class="m-t-10 m-l-5">TC_PROD_015 - Verify product specifications</div>
</div>
</div>    <div class="row mb-3"><div class="col-md-3">
<img data-featherlight='/home/sikucing/IdeaProjects/demoblaze-super-automation/test-output/screenshots/TC_PROD_015_Product_Specs_20251226_225045.png' src="/home/sikucing/IdeaProjects/demoblaze-super-automation/test-output/screenshots/TC_PROD_015_Product_Specs_20251226_225045.png">
    <div class="title">TC_PROD_015_Product_Specs</div>
    </div></div>
    <div class="row mb-3"><div class="col-md-3">
<img data-featherlight='/home/sikucing/IdeaProjects/demoblaze-super-automation/test-output/screenshots/testProductSpecifications_Success_20251226_225046.png' src="/home/sikucing/IdeaProjects/demoblaze-super-automation/test-output/screenshots/testProductSpecifications_Success_20251226_225046.png">
    <div class="title">testProductSpecifications_Success</div>
    </div></div>
<div class="detail-body mt-4">
<table class="table table-sm">
  <thead><tr><th class="status-col">Status</th><th class="timestamp-col">Timestamp</th><th class="details-col">Details</th></tr></thead>
  <tbody>
      <tr class="event-row">
        <td><span class="badge log info-bg">Info</span></td>
        <td>10:50:42 PM</td>
        <td>
          Starting TC_PROD_015 - Product Specifications Test
        </td>
      </tr>
      <tr class="event-row">
        <td><span class="badge log pass-bg">Pass</span></td>
        <td>10:50:45 PM</td>
        <td>
          TC_PROD_015: Product should have detailed specifications
        </td>
      </tr>
      <tr class="event-row">
        <td><span class="badge log pass-bg">Pass</span></td>
        <td>10:50:45 PM</td>
        <td>
          TC_PROD_015: Should have technical specifications
        </td>
      </tr>
      <tr class="event-row">
        <td><span class="badge log pass-bg">Pass</span></td>
        <td>10:50:46 PM</td>
        <td>
          TC_PROD_015 PASSED: Product specifications verified
        </td>
      </tr>
      <tr class="event-row">
        <td><span class="badge log pass-bg">Pass</span></td>
        <td>10:50:46 PM</td>
        <td>
          Test passed successfully
        </td>
      </tr>
  </tbody>
</table>
</div>
          </div>
        </li>
        <li class="test-item"  status="pass" test-id="22"
          author=""
          tag=""
          device="">
          <div class="test-detail">
            <p class="name">testProductShareFeatures</p>
            <p class="text-sm">
              <span>10:50:51 PM</span> / <span>00:00:03:627</span>
              <span class="badge pass-bg log float-right">Pass</span>
            </p>
          </div>
          <div class="test-contents d-none">
<div class="detail-head">
<div class="p-v-10">
<div class="info">
<h5 class="test-status text-pass">testProductShareFeatures</h5>
<span class='badge badge-success'>12.26.2025 10:50:51 PM</span>
<span class='badge badge-danger'>12.26.2025 10:50:55 PM</span>
<span class='badge badge-default'>00:00:03:627</span>
&middot; <span class='uri-anchor badge badge-default'>#test-id=22</span>
<span class='badge badge-default pointer float-right ml-1 et'><i class="fa fa-chevron-down"></i></span>
<span class='badge badge-default pointer float-right ct'><i class="fa fa-chevron-up"></i></span>
</div>
<div class="m-t-10 m-l-5">TC_PROD_016 - Verify product share features</div>
</div>
</div>    <div class="row mb-3"><div class="col-md-3">
<img data-featherlight='/home/sikucing/IdeaProjects/demoblaze-super-automation/test-output/screenshots/TC_PROD_016_Product_Share_20251226_225054.png' src="/home/sikucing/IdeaProjects/demoblaze-super-automation/test-output/screenshots/TC_PROD_016_Product_Share_20251226_225054.png">
    <div class="title">TC_PROD_016_Product_Share</div>
    </div></div>
    <div class="row mb-3"><div class="col-md-3">
<img data-featherlight='/home/sikucing/IdeaProjects/demoblaze-super-automation/test-output/screenshots/testProductShareFeatures_Success_20251226_225055.png' src="/home/sikucing/IdeaProjects/demoblaze-super-automation/test-output/screenshots/testProductShareFeatures_Success_20251226_225055.png">
    <div class="title">testProductShareFeatures_Success</div>
    </div></div>
<div class="detail-body mt-4">
<table class="table table-sm">
  <thead><tr><th class="status-col">Status</th><th class="timestamp-col">Timestamp</th><th class="details-col">Details</th></tr></thead>
  <tbody>
      <tr class="event-row">
        <td><span class="badge log info-bg">Info</span></td>
        <td>10:50:51 PM</td>
        <td>
          Starting TC_PROD_016 - Product Share Features Test
        </td>
      </tr>
      <tr class="event-row">
        <td><span class="badge log info-bg">Info</span></td>
        <td>10:50:54 PM</td>
        <td>
          TC_PROD_016: No sharing features (may be normal)
        </td>
      </tr>
      <tr class="event-row">
        <td><span class="badge log pass-bg">Pass</span></td>
        <td>10:50:55 PM</td>
        <td>
          TC_PROD_016 PASSED: Product share features check completed
        </td>
      </tr>
      <tr class="event-row">
        <td><span class="badge log pass-bg">Pass</span></td>
        <td>10:50:55 PM</td>
        <td>
          Test passed successfully
        </td>
      </tr>
  </tbody>
</table>
</div>
          </div>
        </li>
        <li class="test-item"  status="pass" test-id="23"
          author=""
          tag=""
          device="">
          <div class="test-detail">
            <p class="name">testProductBreadcrumb</p>
            <p class="text-sm">
              <span>10:50:59 PM</span> / <span>00:00:06:960</span>
              <span class="badge pass-bg log float-right">Pass</span>
            </p>
          </div>
          <div class="test-contents d-none">
<div class="detail-head">
<div class="p-v-10">
<div class="info">
<h5 class="test-status text-pass">testProductBreadcrumb</h5>
<span class='badge badge-success'>12.26.2025 10:50:59 PM</span>
<span class='badge badge-danger'>12.26.2025 10:51:06 PM</span>
<span class='badge badge-default'>00:00:06:960</span>
&middot; <span class='uri-anchor badge badge-default'>#test-id=23</span>
<span class='badge badge-default pointer float-right ml-1 et'><i class="fa fa-chevron-down"></i></span>
<span class='badge badge-default pointer float-right ct'><i class="fa fa-chevron-up"></i></span>
</div>
<div class="m-t-10 m-l-5">TC_PROD_017 - Verify product breadcrumb navigation</div>
</div>
</div>    <div class="row mb-3"><div class="col-md-3">
<img data-featherlight='/home/sikucing/IdeaProjects/demoblaze-super-automation/test-output/screenshots/TC_PROD_017_Breadcrumb_Nav_20251226_225105.png' src="/home/sikucing/IdeaProjects/demoblaze-super-automation/test-output/screenshots/TC_PROD_017_Breadcrumb_Nav_20251226_225105.png">
    <div class="title">TC_PROD_017_Breadcrumb_Nav</div>
    </div></div>
    <div class="row mb-3"><div class="col-md-3">
<img data-featherlight='/home/sikucing/IdeaProjects/demoblaze-super-automation/test-output/screenshots/testProductBreadcrumb_Success_20251226_225105.png' src="/home/sikucing/IdeaProjects/demoblaze-super-automation/test-output/screenshots/testProductBreadcrumb_Success_20251226_225105.png">
    <div class="title">testProductBreadcrumb_Success</div>
    </div></div>
<div class="detail-body mt-4">
<table class="table table-sm">
  <thead><tr><th class="status-col">Status</th><th class="timestamp-col">Timestamp</th><th class="details-col">Details</th></tr></thead>
  <tbody>
      <tr class="event-row">
        <td><span class="badge log info-bg">Info</span></td>
        <td>10:50:59 PM</td>
        <td>
          Starting TC_PROD_017 - Product Breadcrumb Test
        </td>
      </tr>
      <tr class="event-row">
        <td><span class="badge log pass-bg">Pass</span></td>
        <td>10:51:02 PM</td>
        <td>
          TC_PROD_017: URL should indicate product page
        </td>
      </tr>
      <tr class="event-row">
        <td><span class="badge log pass-bg">Pass</span></td>
        <td>10:51:05 PM</td>
        <td>
          TC_PROD_017: Should return to homepage
        </td>
      </tr>
      <tr class="event-row">
        <td><span class="badge log pass-bg">Pass</span></td>
        <td>10:51:05 PM</td>
        <td>
          TC_PROD_017 PASSED: Product breadcrumb navigation works
        </td>
      </tr>
      <tr class="event-row">
        <td><span class="badge log pass-bg">Pass</span></td>
        <td>10:51:05 PM</td>
        <td>
          Test passed successfully
        </td>
      </tr>
  </tbody>
</table>
</div>
          </div>
        </li>
        <li class="test-item"  status="pass" test-id="24"
          author=""
          tag=""
          device="">
          <div class="test-detail">
            <p class="name">testProductPagePerformance</p>
            <p class="text-sm">
              <span>10:51:11 PM</span> / <span>00:00:03:588</span>
              <span class="badge pass-bg log float-right">Pass</span>
            </p>
          </div>
          <div class="test-contents d-none">
<div class="detail-head">
<div class="p-v-10">
<div class="info">
<h5 class="test-status text-pass">testProductPagePerformance</h5>
<span class='badge badge-success'>12.26.2025 10:51:11 PM</span>
<span class='badge badge-danger'>12.26.2025 10:51:14 PM</span>
<span class='badge badge-default'>00:00:03:588</span>
&middot; <span class='uri-anchor badge badge-default'>#test-id=24</span>
<span class='badge badge-default pointer float-right ml-1 et'><i class="fa fa-chevron-down"></i></span>
<span class='badge badge-default pointer float-right ct'><i class="fa fa-chevron-up"></i></span>
</div>
<div class="m-t-10 m-l-5">TC_PROD_018 - Verify product page load performance</div>
</div>
</div>    <div class="row mb-3"><div class="col-md-3">
<img data-featherlight='/home/sikucing/IdeaProjects/demoblaze-super-automation/test-output/screenshots/TC_PROD_018_Performance_20251226_225114.png' src="/home/sikucing/IdeaProjects/demoblaze-super-automation/test-output/screenshots/TC_PROD_018_Performance_20251226_225114.png">
    <div class="title">TC_PROD_018_Performance</div>
    </div></div>
    <div class="row mb-3"><div class="col-md-3">
<img data-featherlight='/home/sikucing/IdeaProjects/demoblaze-super-automation/test-output/screenshots/testProductPagePerformance_Success_20251226_225114.png' src="/home/sikucing/IdeaProjects/demoblaze-super-automation/test-output/screenshots/testProductPagePerformance_Success_20251226_225114.png">
    <div class="title">testProductPagePerformance_Success</div>
    </div></div>
<div class="detail-body mt-4">
<table class="table table-sm">
  <thead><tr><th class="status-col">Status</th><th class="timestamp-col">Timestamp</th><th class="details-col">Details</th></tr></thead>
  <tbody>
      <tr class="event-row">
        <td><span class="badge log info-bg">Info</span></td>
        <td>10:51:11 PM</td>
        <td>
          Starting TC_PROD_018 - Product Page Performance Test
        </td>
      </tr>
      <tr class="event-row">
        <td><span class="badge log info-bg">Info</span></td>
        <td>10:51:14 PM</td>
        <td>
          TC_PROD_018: Product page loaded in 3299ms
        </td>
      </tr>
      <tr class="event-row">
        <td><span class="badge log pass-bg">Pass</span></td>
        <td>10:51:14 PM</td>
        <td>
          TC_PROD_018: Product page should load in under 30 seconds
        </td>
      </tr>
      <tr class="event-row">
        <td><span class="badge log pass-bg">Pass</span></td>
        <td>10:51:14 PM</td>
        <td>
          TC_PROD_018 PASSED: Product page load performance acceptable
        </td>
      </tr>
      <tr class="event-row">
        <td><span class="badge log pass-bg">Pass</span></td>
        <td>10:51:14 PM</td>
        <td>
          Test passed successfully
        </td>
      </tr>
  </tbody>
</table>
</div>
          </div>
        </li>
        <li class="test-item"  status="pass" test-id="25"
          author=""
          tag=""
          device="">
          <div class="test-detail">
            <p class="name">testMultipleProductViews</p>
            <p class="text-sm">
              <span>10:51:25 PM</span> / <span>00:00:16:098</span>
              <span class="badge pass-bg log float-right">Pass</span>
            </p>
          </div>
          <div class="test-contents d-none">
<div class="detail-head">
<div class="p-v-10">
<div class="info">
<h5 class="test-status text-pass">testMultipleProductViews</h5>
<span class='badge badge-success'>12.26.2025 10:51:25 PM</span>
<span class='badge badge-danger'>12.26.2025 10:51:41 PM</span>
<span class='badge badge-default'>00:00:16:098</span>
&middot; <span class='uri-anchor badge badge-default'>#test-id=25</span>
<span class='badge badge-default pointer float-right ml-1 et'><i class="fa fa-chevron-down"></i></span>
<span class='badge badge-default pointer float-right ct'><i class="fa fa-chevron-up"></i></span>
</div>
<div class="m-t-10 m-l-5">TC_PROD_019 - Verify multiple product views</div>
</div>
</div>    <div class="row mb-3"><div class="col-md-3">
<img data-featherlight='/home/sikucing/IdeaProjects/demoblaze-super-automation/test-output/screenshots/TC_PROD_019_Product_1_20251226_225128.png' src="/home/sikucing/IdeaProjects/demoblaze-super-automation/test-output/screenshots/TC_PROD_019_Product_1_20251226_225128.png">
    <div class="title">TC_PROD_019_Product_1</div>
    </div></div>
    <div class="row mb-3"><div class="col-md-3">
<img data-featherlight='/home/sikucing/IdeaProjects/demoblaze-super-automation/test-output/screenshots/TC_PROD_019_Product_2_20251226_225135.png' src="/home/sikucing/IdeaProjects/demoblaze-super-automation/test-output/screenshots/TC_PROD_019_Product_2_20251226_225135.png">
    <div class="title">TC_PROD_019_Product_2</div>
    </div></div>
    <div class="row mb-3"><div class="col-md-3">
<img data-featherlight='/home/sikucing/IdeaProjects/demoblaze-super-automation/test-output/screenshots/TC_PROD_019_Product_3_20251226_225141.png' src="/home/sikucing/IdeaProjects/demoblaze-super-automation/test-output/screenshots/TC_PROD_019_Product_3_20251226_225141.png">
    <div class="title">TC_PROD_019_Product_3</div>
    </div></div>
    <div class="row mb-3"><div class="col-md-3">
<img data-featherlight='/home/sikucing/IdeaProjects/demoblaze-super-automation/test-output/screenshots/testMultipleProductViews_Success_20251226_225141.png' src="/home/sikucing/IdeaProjects/demoblaze-super-automation/test-output/screenshots/testMultipleProductViews_Success_20251226_225141.png">
    <div class="title">testMultipleProductViews_Success</div>
    </div></div>
<div class="detail-body mt-4">
<table class="table table-sm">
  <thead><tr><th class="status-col">Status</th><th class="timestamp-col">Timestamp</th><th class="details-col">Details</th></tr></thead>
  <tbody>
      <tr class="event-row">
        <td><span class="badge log info-bg">Info</span></td>
        <td>10:51:25 PM</td>
        <td>
          Starting TC_PROD_019 - Multiple Product Views Test
        </td>
      </tr>
      <tr class="event-row">
        <td><span class="badge log info-bg">Info</span></td>
        <td>10:51:25 PM</td>
        <td>
          TC_PROD_019: Viewing product #1: Samsung galaxy s6
        </td>
      </tr>
      <tr class="event-row">
        <td><span class="badge log pass-bg">Pass</span></td>
        <td>10:51:28 PM</td>
        <td>
          TC_PROD_019: Should display correct product
        </td>
      </tr>
      <tr class="event-row">
        <td><span class="badge log info-bg">Info</span></td>
        <td>10:51:32 PM</td>
        <td>
          TC_PROD_019: Viewing product #2: Nokia lumia 1520
        </td>
      </tr>
      <tr class="event-row">
        <td><span class="badge log pass-bg">Pass</span></td>
        <td>10:51:35 PM</td>
        <td>
          TC_PROD_019: Should display correct product
        </td>
      </tr>
      <tr class="event-row">
        <td><span class="badge log info-bg">Info</span></td>
        <td>10:51:38 PM</td>
        <td>
          TC_PROD_019: Viewing product #3: Nexus 6
        </td>
      </tr>
      <tr class="event-row">
        <td><span class="badge log pass-bg">Pass</span></td>
        <td>10:51:41 PM</td>
        <td>
          TC_PROD_019: Should display correct product
        </td>
      </tr>
      <tr class="event-row">
        <td><span class="badge log pass-bg">Pass</span></td>
        <td>10:51:41 PM</td>
        <td>
          TC_PROD_019 PASSED: Multiple product views work correctly
        </td>
      </tr>
      <tr class="event-row">
        <td><span class="badge log pass-bg">Pass</span></td>
        <td>10:51:41 PM</td>
        <td>
          Test passed successfully
        </td>
      </tr>
  </tbody>
</table>
</div>
          </div>
        </li>
        <li class="test-item"  status="fail" test-id="26"
          author=""
          tag=""
          device="">
          <div class="test-detail">
            <p class="name">testProductSuiteCompletion</p>
            <p class="text-sm">
              <span>10:52:13 PM</span> / <span>00:00:30:148</span>
              <span class="badge fail-bg log float-right">Fail</span>
            </p>
          </div>
          <div class="test-contents d-none">
<div class="detail-head">
<div class="p-v-10">
<div class="info">
<h5 class="test-status text-fail">testProductSuiteCompletion</h5>
<span class='badge badge-success'>12.26.2025 10:52:13 PM</span>
<span class='badge badge-danger'>12.26.2025 10:52:43 PM</span>
<span class='badge badge-default'>00:00:30:148</span>
&middot; <span class='uri-anchor badge badge-default'>#test-id=26</span>
<span class='badge badge-default pointer float-right ml-1 et'><i class="fa fa-chevron-down"></i></span>
<span class='badge badge-default pointer float-right ct'><i class="fa fa-chevron-up"></i></span>
</div>
<div class="m-t-10 m-l-5">TC_PROD_020 - Product test suite completion</div>
</div>
</div>    <div class="row mb-3"><div class="col-md-3">
<img data-featherlight='/home/sikucing/IdeaProjects/demoblaze-super-automation/test-output/screenshots/testProductSuiteCompletion_Failure_20251226_225243.png' src="/home/sikucing/IdeaProjects/demoblaze-super-automation/test-output/screenshots/testProductSuiteCompletion_Failure_20251226_225243.png">
    <div class="title">testProductSuiteCompletion_Failure</div>
    </div></div>
<div class="detail-body mt-4">
<table class="table table-sm">
  <thead><tr><th class="status-col">Status</th><th class="timestamp-col">Timestamp</th><th class="details-col">Details</th></tr></thead>
  <tbody>
      <tr class="event-row">
        <td><span class="badge log info-bg">Info</span></td>
        <td>10:52:13 PM</td>
        <td>
          Starting TC_PROD_020 - Product Test Suite Completion
        </td>
      </tr>
      <tr class="event-row">
        <td><span class="badge log fail-bg">Fail</span></td>
        <td>10:52:43 PM</td>
        <td>
          Test failed: timeout: Timed out receiving message from renderer: -0.012
  (Session info: chrome=143.0.7499.169)
Build info: version: '4.15.0', revision: '1d14b5521b'
System info: os.name: 'Linux', os.arch: 'amd64', os.version: '6.1.0-41-amd64', java.version: '21.0.6'
Driver info: org.openqa.selenium.chrome.ChromeDriver
Command: [91ccec0f9b205440f84a72f44e59ebf1, get {url=https://www.demoblaze.com}]
Capabilities {acceptInsecureCerts: false, browserName: chrome, browserVersion: 143.0.7499.169, chrome: {chromedriverVersion: 143.0.7499.169 (164b20aab62..., userDataDir: /tmp/.org.chromium.Chromium...}, fedcm:accounts: true, goog:chromeOptions: {debuggerAddress: localhost:38517}, goog:processID: 36327, networkConnectionEnabled: false, pageLoadStrategy: normal, platformName: linux, proxy: Proxy(), se:cdp: ws://localhost:38517/devtoo..., se:cdpVersion: 143.0.7499.169, setWindowRect: true, strictFileInteractability: false, timeouts: {implicit: 0, pageLoad: 300000, script: 30000}, unhandledPromptBehavior: dismiss and notify, webauthn:extension:credBlob: true, webauthn:extension:largeBlob: true, webauthn:extension:minPinLength: true, webauthn:extension:prf: true, webauthn:virtualAuthenticators: true}
Session ID: 91ccec0f9b205440f84a72f44e59ebf1
        </td>
      </tr>
      <tr class="event-row">
        <td><span class="badge log fail-bg">Fail</span></td>
        <td>10:52:43 PM</td>
        <td>
          <textarea readonly class="code-block">org.openqa.selenium.TimeoutException: timeout: Timed out receiving message from renderer: -0.012
  (Session info: chrome=143.0.7499.169)
Build info: version: '4.15.0', revision: '1d14b5521b'
System info: os.name: 'Linux', os.arch: 'amd64', os.version: '6.1.0-41-amd64', java.version: '21.0.6'
Driver info: org.openqa.selenium.chrome.ChromeDriver
Command: [91ccec0f9b205440f84a72f44e59ebf1, get {url=https://www.demoblaze.com}]
Capabilities {acceptInsecureCerts: false, browserName: chrome, browserVersion: 143.0.7499.169, chrome: {chromedriverVersion: 143.0.7499.169 (164b20aab62..., userDataDir: /tmp/.org.chromium.Chromium...}, fedcm:accounts: true, goog:chromeOptions: {debuggerAddress: localhost:38517}, goog:processID: 36327, networkConnectionEnabled: false, pageLoadStrategy: normal, platformName: linux, proxy: Proxy(), se:cdp: ws://localhost:38517/devtoo..., se:cdpVersion: 143.0.7499.169, setWindowRect: true, strictFileInteractability: false, timeouts: {implicit: 0, pageLoad: 300000, script: 30000}, unhandledPromptBehavior: dismiss and notify, webauthn:extension:credBlob: true, webauthn:extension:largeBlob: true, webauthn:extension:minPinLength: true, webauthn:extension:prf: true, webauthn:virtualAuthenticators: true}
Session ID: 91ccec0f9b205440f84a72f44e59ebf1
	at java.base/jdk.internal.reflect.DirectConstructorHandleAccessor.newInstance(DirectConstructorHandleAccessor.java:62)
	at java.base/java.lang.reflect.Constructor.newInstanceWithCaller(Constructor.java:502)
	at java.base/java.lang.reflect.Constructor.newInstance(Constructor.java:486)
	at org.openqa.selenium.remote.codec.w3c.W3CHttpResponseCodec.createException(W3CHttpResponseCodec.java:200)
	at org.openqa.selenium.remote.codec.w3c.W3CHttpResponseCodec.decode(W3CHttpResponseCodec.java:133)
	at org.openqa.selenium.remote.codec.w3c.W3CHttpResponseCodec.decode(W3CHttpResponseCodec.java:52)
	at org.openqa.selenium.remote.HttpCommandExecutor.execute(HttpCommandExecutor.java:191)
	at org.openqa.selenium.remote.service.DriverCommandExecutor.invokeExecute(DriverCommandExecutor.java:200)
	at org.openqa.selenium.remote.service.DriverCommandExecutor.execute(DriverCommandExecutor.java:175)
	at org.openqa.selenium.remote.RemoteWebDriver.execute(RemoteWebDriver.java:607)
	at org.openqa.selenium.remote.RemoteWebDriver.get(RemoteWebDriver.java:309)
	at com.demoblaze.pages.HomePage.open(HomePage.java:83)
	at com.demoblaze.tests.ProductTests.testProductSuiteCompletion(ProductTests.java:624)
	at java.base/jdk.internal.reflect.DirectMethodHandleAccessor.invoke(DirectMethodHandleAccessor.java:103)
	at java.base/java.lang.reflect.Method.invoke(Method.java:580)
	at org.testng.internal.invokers.MethodInvocationHelper.invokeMethod(MethodInvocationHelper.java:139)
	at org.testng.internal.invokers.TestInvoker.invokeMethod(TestInvoker.java:664)
	at org.testng.internal.invokers.TestInvoker.invokeTestMethod(TestInvoker.java:227)
	at org.testng.internal.invokers.MethodRunner.runInSequence(MethodRunner.java:50)
	at org.testng.internal.invokers.TestInvoker$MethodInvocationAgent.invoke(TestInvoker.java:957)
	at org.testng.internal.invokers.TestInvoker.invokeTestMethods(TestInvoker.java:200)
	at org.testng.internal.invokers.TestMethodWorker.invokeTestMethods(TestMethodWorker.java:148)
	at org.testng.internal.invokers.TestMethodWorker.run(TestMethodWorker.java:128)
	at java.base/java.util.ArrayList.forEach(ArrayList.java:1596)
	at org.testng.TestRunner.privateRun(TestRunner.java:848)
	at org.testng.TestRunner.run(TestRunner.java:621)
	at org.testng.SuiteRunner.runTest(SuiteRunner.java:443)
	at org.testng.SuiteRunner.runSequentially(SuiteRunner.java:437)
	at org.testng.SuiteRunner.privateRun(SuiteRunner.java:397)
	at org.testng.SuiteRunner.run(SuiteRunner.java:336)
	at org.testng.SuiteRunnerWorker.runSuite(SuiteRunnerWorker.java:52)
	at org.testng.SuiteRunnerWorker.run(SuiteRunnerWorker.java:95)
	at org.testng.TestNG.runSuitesSequentially(TestNG.java:1280)
	at org.testng.TestNG.runSuitesLocally(TestNG.java:1200)
	at org.testng.TestNG.runSuites(TestNG.java:1114)
	at org.testng.TestNG.run(TestNG.java:1082)
	at org.apache.maven.surefire.testng.TestNGExecutor.run(TestNGExecutor.java:308)
	at org.apache.maven.surefire.testng.TestNGXmlTestSuite.execute(TestNGXmlTestSuite.java:71)
	at org.apache.maven.surefire.testng.TestNGProvider.invoke(TestNGProvider.java:113)
	at org.apache.maven.surefire.booter.ForkedBooter.runSuitesInProcess(ForkedBooter.java:385)
	at org.apache.maven.surefire.booter.ForkedBooter.execute(ForkedBooter.java:162)
	at org.apache.maven.surefire.booter.ForkedBooter.run(ForkedBooter.java:507)
	at org.apache.maven.surefire.booter.ForkedBooter.main(ForkedBooter.java:495)
</textarea>
          
        </td>
      </tr>
  </tbody>
</table>
</div>
          </div>
        </li>
        <li class="test-item"  status="fail" test-id="27"
          author=""
          tag=""
          device="">
          <div class="test-detail">
            <p class="name">testEmptyCart</p>
            <p class="text-sm">
              <span>10:53:14 PM</span> / <span>00:00:30:104</span>
              <span class="badge fail-bg log float-right">Fail</span>
            </p>
          </div>
          <div class="test-contents d-none">
<div class="detail-head">
<div class="p-v-10">
<div class="info">
<h5 class="test-status text-fail">testEmptyCart</h5>
<span class='badge badge-success'>12.26.2025 10:53:14 PM</span>
<span class='badge badge-danger'>12.26.2025 10:53:44 PM</span>
<span class='badge badge-default'>00:00:30:104</span>
&middot; <span class='uri-anchor badge badge-default'>#test-id=27</span>
<span class='badge badge-default pointer float-right ml-1 et'><i class="fa fa-chevron-down"></i></span>
<span class='badge badge-default pointer float-right ct'><i class="fa fa-chevron-up"></i></span>
</div>
<div class="m-t-10 m-l-5">TC_CART_001 - Verify empty cart state</div>
</div>
</div>    <div class="row mb-3"><div class="col-md-3">
<img data-featherlight='/home/sikucing/IdeaProjects/demoblaze-super-automation/test-output/screenshots/testEmptyCart_Failure_20251226_225344.png' src="/home/sikucing/IdeaProjects/demoblaze-super-automation/test-output/screenshots/testEmptyCart_Failure_20251226_225344.png">
    <div class="title">testEmptyCart_Failure</div>
    </div></div>
<div class="detail-body mt-4">
<table class="table table-sm">
  <thead><tr><th class="status-col">Status</th><th class="timestamp-col">Timestamp</th><th class="details-col">Details</th></tr></thead>
  <tbody>
      <tr class="event-row">
        <td><span class="badge log info-bg">Info</span></td>
        <td>10:53:14 PM</td>
        <td>
          Starting TC_CART_001 - Empty Cart Test
        </td>
      </tr>
      <tr class="event-row">
        <td><span class="badge log fail-bg">Fail</span></td>
        <td>10:53:44 PM</td>
        <td>
          Test failed: timeout: Timed out receiving message from renderer: -0.004
  (Session info: chrome=143.0.7499.169)
Build info: version: '4.15.0', revision: '1d14b5521b'
System info: os.name: 'Linux', os.arch: 'amd64', os.version: '6.1.0-41-amd64', java.version: '21.0.6'
Driver info: org.openqa.selenium.chrome.ChromeDriver
Command: [c1f0d31d6c8afc290bd624cbdd409280, get {url=https://www.demoblaze.com}]
Capabilities {acceptInsecureCerts: false, browserName: chrome, browserVersion: 143.0.7499.169, chrome: {chromedriverVersion: 143.0.7499.169 (164b20aab62..., userDataDir: /tmp/.org.chromium.Chromium...}, fedcm:accounts: true, goog:chromeOptions: {debuggerAddress: localhost:36623}, goog:processID: 36545, networkConnectionEnabled: false, pageLoadStrategy: normal, platformName: linux, proxy: Proxy(), se:cdp: ws://localhost:36623/devtoo..., se:cdpVersion: 143.0.7499.169, setWindowRect: true, strictFileInteractability: false, timeouts: {implicit: 0, pageLoad: 300000, script: 30000}, unhandledPromptBehavior: dismiss and notify, webauthn:extension:credBlob: true, webauthn:extension:largeBlob: true, webauthn:extension:minPinLength: true, webauthn:extension:prf: true, webauthn:virtualAuthenticators: true}
Session ID: c1f0d31d6c8afc290bd624cbdd409280
        </td>
      </tr>
      <tr class="event-row">
        <td><span class="badge log fail-bg">Fail</span></td>
        <td>10:53:44 PM</td>
        <td>
          <textarea readonly class="code-block">org.openqa.selenium.TimeoutException: timeout: Timed out receiving message from renderer: -0.004
  (Session info: chrome=143.0.7499.169)
Build info: version: '4.15.0', revision: '1d14b5521b'
System info: os.name: 'Linux', os.arch: 'amd64', os.version: '6.1.0-41-amd64', java.version: '21.0.6'
Driver info: org.openqa.selenium.chrome.ChromeDriver
Command: [c1f0d31d6c8afc290bd624cbdd409280, get {url=https://www.demoblaze.com}]
Capabilities {acceptInsecureCerts: false, browserName: chrome, browserVersion: 143.0.7499.169, chrome: {chromedriverVersion: 143.0.7499.169 (164b20aab62..., userDataDir: /tmp/.org.chromium.Chromium...}, fedcm:accounts: true, goog:chromeOptions: {debuggerAddress: localhost:36623}, goog:processID: 36545, networkConnectionEnabled: false, pageLoadStrategy: normal, platformName: linux, proxy: Proxy(), se:cdp: ws://localhost:36623/devtoo..., se:cdpVersion: 143.0.7499.169, setWindowRect: true, strictFileInteractability: false, timeouts: {implicit: 0, pageLoad: 300000, script: 30000}, unhandledPromptBehavior: dismiss and notify, webauthn:extension:credBlob: true, webauthn:extension:largeBlob: true, webauthn:extension:minPinLength: true, webauthn:extension:prf: true, webauthn:virtualAuthenticators: true}
Session ID: c1f0d31d6c8afc290bd624cbdd409280
	at java.base/jdk.internal.reflect.DirectConstructorHandleAccessor.newInstance(DirectConstructorHandleAccessor.java:62)
	at java.base/java.lang.reflect.Constructor.newInstanceWithCaller(Constructor.java:502)
	at java.base/java.lang.reflect.Constructor.newInstance(Constructor.java:486)
	at org.openqa.selenium.remote.codec.w3c.W3CHttpResponseCodec.createException(W3CHttpResponseCodec.java:200)
	at org.openqa.selenium.remote.codec.w3c.W3CHttpResponseCodec.decode(W3CHttpResponseCodec.java:133)
	at org.openqa.selenium.remote.codec.w3c.W3CHttpResponseCodec.decode(W3CHttpResponseCodec.java:52)
	at org.openqa.selenium.remote.HttpCommandExecutor.execute(HttpCommandExecutor.java:191)
	at org.openqa.selenium.remote.service.DriverCommandExecutor.invokeExecute(DriverCommandExecutor.java:200)
	at org.openqa.selenium.remote.service.DriverCommandExecutor.execute(DriverCommandExecutor.java:175)
	at org.openqa.selenium.remote.RemoteWebDriver.execute(RemoteWebDriver.java:607)
	at org.openqa.selenium.remote.RemoteWebDriver.get(RemoteWebDriver.java:309)
	at com.demoblaze.pages.HomePage.open(HomePage.java:83)
	at com.demoblaze.tests.CartTests.testEmptyCart(CartTests.java:29)
	at java.base/jdk.internal.reflect.DirectMethodHandleAccessor.invoke(DirectMethodHandleAccessor.java:103)
	at java.base/java.lang.reflect.Method.invoke(Method.java:580)
	at org.testng.internal.invokers.MethodInvocationHelper.invokeMethod(MethodInvocationHelper.java:139)
	at org.testng.internal.invokers.TestInvoker.invokeMethod(TestInvoker.java:664)
	at org.testng.internal.invokers.TestInvoker.invokeTestMethod(TestInvoker.java:227)
	at org.testng.internal.invokers.MethodRunner.runInSequence(MethodRunner.java:50)
	at org.testng.internal.invokers.TestInvoker$MethodInvocationAgent.invoke(TestInvoker.java:957)
	at org.testng.internal.invokers.TestInvoker.invokeTestMethods(TestInvoker.java:200)
	at org.testng.internal.invokers.TestMethodWorker.invokeTestMethods(TestMethodWorker.java:148)
	at org.testng.internal.invokers.TestMethodWorker.run(TestMethodWorker.java:128)
	at java.base/java.util.ArrayList.forEach(ArrayList.java:1596)
	at org.testng.TestRunner.privateRun(TestRunner.java:848)
	at org.testng.TestRunner.run(TestRunner.java:621)
	at org.testng.SuiteRunner.runTest(SuiteRunner.java:443)
	at org.testng.SuiteRunner.runSequentially(SuiteRunner.java:437)
	at org.testng.SuiteRunner.privateRun(SuiteRunner.java:397)
	at org.testng.SuiteRunner.run(SuiteRunner.java:336)
	at org.testng.SuiteRunnerWorker.runSuite(SuiteRunnerWorker.java:52)
	at org.testng.SuiteRunnerWorker.run(SuiteRunnerWorker.java:95)
	at org.testng.TestNG.runSuitesSequentially(TestNG.java:1280)
	at org.testng.TestNG.runSuitesLocally(TestNG.java:1200)
	at org.testng.TestNG.runSuites(TestNG.java:1114)
	at org.testng.TestNG.run(TestNG.java:1082)
	at org.apache.maven.surefire.testng.TestNGExecutor.run(TestNGExecutor.java:308)
	at org.apache.maven.surefire.testng.TestNGXmlTestSuite.execute(TestNGXmlTestSuite.java:71)
	at org.apache.maven.surefire.testng.TestNGProvider.invoke(TestNGProvider.java:113)
	at org.apache.maven.surefire.booter.ForkedBooter.runSuitesInProcess(ForkedBooter.java:385)
	at org.apache.maven.surefire.booter.ForkedBooter.execute(ForkedBooter.java:162)
	at org.apache.maven.surefire.booter.ForkedBooter.run(ForkedBooter.java:507)
	at org.apache.maven.surefire.booter.ForkedBooter.main(ForkedBooter.java:495)
</textarea>
          
        </td>
      </tr>
  </tbody>
</table>
</div>
          </div>
        </li>
        <li class="test-item"  status="fail" test-id="28"
          author=""
          tag=""
          device="">
          <div class="test-detail">
            <p class="name">testCartTotalCalculation</p>
            <p class="text-sm">
              <span>10:54:16 PM</span> / <span>00:01:02:155</span>
              <span class="badge fail-bg log float-right">Fail</span>
            </p>
          </div>
          <div class="test-contents d-none">
<div class="detail-head">
<div class="p-v-10">
<div class="info">
<h5 class="test-status text-fail">testCartTotalCalculation</h5>
<span class='badge badge-success'>12.26.2025 10:54:16 PM</span>
<span class='badge badge-danger'>12.26.2025 10:55:18 PM</span>
<span class='badge badge-default'>00:01:02:155</span>
&middot; <span class='uri-anchor badge badge-default'>#test-id=28</span>
<span class='badge badge-default pointer float-right ml-1 et'><i class="fa fa-chevron-down"></i></span>
<span class='badge badge-default pointer float-right ct'><i class="fa fa-chevron-up"></i></span>
</div>
<div class="m-t-10 m-l-5">TC_CART_008 - Verify cart total calculation</div>
</div>
</div>    <div class="row mb-3"><div class="col-md-3">
<img data-featherlight='/home/sikucing/IdeaProjects/demoblaze-super-automation/test-output/screenshots/testCartTotalCalculation_Failure_20251226_225518.png' src="/home/sikucing/IdeaProjects/demoblaze-super-automation/test-output/screenshots/testCartTotalCalculation_Failure_20251226_225518.png">
    <div class="title">testCartTotalCalculation_Failure</div>
    </div></div>
<div class="detail-body mt-4">
<table class="table table-sm">
  <thead><tr><th class="status-col">Status</th><th class="timestamp-col">Timestamp</th><th class="details-col">Details</th></tr></thead>
  <tbody>
      <tr class="event-row">
        <td><span class="badge log info-bg">Info</span></td>
        <td>10:54:16 PM</td>
        <td>
          Starting TC_CART_008 - Cart Total Calculation Test
        </td>
      </tr>
      <tr class="event-row">
        <td><span class="badge log info-bg">Info</span></td>
        <td>10:54:48 PM</td>
        <td>
          Error clearing cart: timeout: Timed out receiving message from renderer: -0.004
  (Session info: chrome=143.0.7499.169)
Build info: version: '4.15.0', revision: '1d14b5521b'
System info: os.name: 'Linux', os.arch: 'amd64', os.version: '6.1.0-41-amd64', java.version: '21.0.6'
Driver info: org.openqa.selenium.chrome.ChromeDriver
Command: [974e52f33f4d1631f31eea88e6a5bc0d, get {url=https://www.demoblaze.com/cart.html}]
Capabilities {acceptInsecureCerts: false, browserName: chrome, browserVersion: 143.0.7499.169, chrome: {chromedriverVersion: 143.0.7499.169 (164b20aab62..., userDataDir: /tmp/.org.chromium.Chromium...}, fedcm:accounts: true, goog:chromeOptions: {debuggerAddress: localhost:44649}, goog:processID: 36782, networkConnectionEnabled: false, pageLoadStrategy: normal, platformName: linux, proxy: Proxy(), se:cdp: ws://localhost:44649/devtoo..., se:cdpVersion: 143.0.7499.169, setWindowRect: true, strictFileInteractability: false, timeouts: {implicit: 0, pageLoad: 300000, script: 30000}, unhandledPromptBehavior: dismiss and notify, webauthn:extension:credBlob: true, webauthn:extension:largeBlob: true, webauthn:extension:minPinLength: true, webauthn:extension:prf: true, webauthn:virtualAuthenticators: true}
Session ID: 974e52f33f4d1631f31eea88e6a5bc0d
        </td>
      </tr>
      <tr class="event-row">
        <td><span class="badge log fail-bg">Fail</span></td>
        <td>10:55:18 PM</td>
        <td>
          Test failed: timeout: Timed out receiving message from renderer: -0.013
  (Session info: chrome=143.0.7499.169)
Build info: version: '4.15.0', revision: '1d14b5521b'
System info: os.name: 'Linux', os.arch: 'amd64', os.version: '6.1.0-41-amd64', java.version: '21.0.6'
Driver info: org.openqa.selenium.chrome.ChromeDriver
Command: [974e52f33f4d1631f31eea88e6a5bc0d, get {url=https://www.demoblaze.com}]
Capabilities {acceptInsecureCerts: false, browserName: chrome, browserVersion: 143.0.7499.169, chrome: {chromedriverVersion: 143.0.7499.169 (164b20aab62..., userDataDir: /tmp/.org.chromium.Chromium...}, fedcm:accounts: true, goog:chromeOptions: {debuggerAddress: localhost:44649}, goog:processID: 36782, networkConnectionEnabled: false, pageLoadStrategy: normal, platformName: linux, proxy: Proxy(), se:cdp: ws://localhost:44649/devtoo..., se:cdpVersion: 143.0.7499.169, setWindowRect: true, strictFileInteractability: false, timeouts: {implicit: 0, pageLoad: 300000, script: 30000}, unhandledPromptBehavior: dismiss and notify, webauthn:extension:credBlob: true, webauthn:extension:largeBlob: true, webauthn:extension:minPinLength: true, webauthn:extension:prf: true, webauthn:virtualAuthenticators: true}
Session ID: 974e52f33f4d1631f31eea88e6a5bc0d
        </td>
      </tr>
      <tr class="event-row">
        <td><span class="badge log fail-bg">Fail</span></td>
        <td>10:55:18 PM</td>
        <td>
          <textarea readonly class="code-block">org.openqa.selenium.TimeoutException: timeout: Timed out receiving message from renderer: -0.013
  (Session info: chrome=143.0.7499.169)
Build info: version: '4.15.0', revision: '1d14b5521b'
System info: os.name: 'Linux', os.arch: 'amd64', os.version: '6.1.0-41-amd64', java.version: '21.0.6'
Driver info: org.openqa.selenium.chrome.ChromeDriver
Command: [974e52f33f4d1631f31eea88e6a5bc0d, get {url=https://www.demoblaze.com}]
Capabilities {acceptInsecureCerts: false, browserName: chrome, browserVersion: 143.0.7499.169, chrome: {chromedriverVersion: 143.0.7499.169 (164b20aab62..., userDataDir: /tmp/.org.chromium.Chromium...}, fedcm:accounts: true, goog:chromeOptions: {debuggerAddress: localhost:44649}, goog:processID: 36782, networkConnectionEnabled: false, pageLoadStrategy: normal, platformName: linux, proxy: Proxy(), se:cdp: ws://localhost:44649/devtoo..., se:cdpVersion: 143.0.7499.169, setWindowRect: true, strictFileInteractability: false, timeouts: {implicit: 0, pageLoad: 300000, script: 30000}, unhandledPromptBehavior: dismiss and notify, webauthn:extension:credBlob: true, webauthn:extension:largeBlob: true, webauthn:extension:minPinLength: true, webauthn:extension:prf: true, webauthn:virtualAuthenticators: true}
Session ID: 974e52f33f4d1631f31eea88e6a5bc0d
	at java.base/jdk.internal.reflect.DirectConstructorHandleAccessor.newInstance(DirectConstructorHandleAccessor.java:62)
	at java.base/java.lang.reflect.Constructor.newInstanceWithCaller(Constructor.java:502)
	at java.base/java.lang.reflect.Constructor.newInstance(Constructor.java:486)
	at org.openqa.selenium.remote.codec.w3c.W3CHttpResponseCodec.createException(W3CHttpResponseCodec.java:200)
	at org.openqa.selenium.remote.codec.w3c.W3CHttpResponseCodec.decode(W3CHttpResponseCodec.java:133)
	at org.openqa.selenium.remote.codec.w3c.W3CHttpResponseCodec.decode(W3CHttpResponseCodec.java:52)
	at org.openqa.selenium.remote.HttpCommandExecutor.execute(HttpCommandExecutor.java:191)
	at org.openqa.selenium.remote.service.DriverCommandExecutor.invokeExecute(DriverCommandExecutor.java:200)
	at org.openqa.selenium.remote.service.DriverCommandExecutor.execute(DriverCommandExecutor.java:175)
	at org.openqa.selenium.remote.RemoteWebDriver.execute(RemoteWebDriver.java:607)
	at org.openqa.selenium.remote.RemoteWebDriver.get(RemoteWebDriver.java:309)
	at com.demoblaze.pages.HomePage.open(HomePage.java:83)
	at com.demoblaze.tests.CartTests.testCartTotalCalculation(CartTests.java:55)
	at java.base/jdk.internal.reflect.DirectMethodHandleAccessor.invoke(DirectMethodHandleAccessor.java:103)
	at java.base/java.lang.reflect.Method.invoke(Method.java:580)
	at org.testng.internal.invokers.MethodInvocationHelper.invokeMethod(MethodInvocationHelper.java:139)
	at org.testng.internal.invokers.TestInvoker.invokeMethod(TestInvoker.java:664)
	at org.testng.internal.invokers.TestInvoker.invokeTestMethod(TestInvoker.java:227)
	at org.testng.internal.invokers.MethodRunner.runInSequence(MethodRunner.java:50)
	at org.testng.internal.invokers.TestInvoker$MethodInvocationAgent.invoke(TestInvoker.java:957)
	at org.testng.internal.invokers.TestInvoker.invokeTestMethods(TestInvoker.java:200)
	at org.testng.internal.invokers.TestMethodWorker.invokeTestMethods(TestMethodWorker.java:148)
	at org.testng.internal.invokers.TestMethodWorker.run(TestMethodWorker.java:128)
	at java.base/java.util.ArrayList.forEach(ArrayList.java:1596)
	at org.testng.TestRunner.privateRun(TestRunner.java:848)
	at org.testng.TestRunner.run(TestRunner.java:621)
	at org.testng.SuiteRunner.runTest(SuiteRunner.java:443)
	at org.testng.SuiteRunner.runSequentially(SuiteRunner.java:437)
	at org.testng.SuiteRunner.privateRun(SuiteRunner.java:397)
	at org.testng.SuiteRunner.run(SuiteRunner.java:336)
	at org.testng.SuiteRunnerWorker.runSuite(SuiteRunnerWorker.java:52)
	at org.testng.SuiteRunnerWorker.run(SuiteRunnerWorker.java:95)
	at org.testng.TestNG.runSuitesSequentially(TestNG.java:1280)
	at org.testng.TestNG.runSuitesLocally(TestNG.java:1200)
	at org.testng.TestNG.runSuites(TestNG.java:1114)
	at org.testng.TestNG.run(TestNG.java:1082)
	at org.apache.maven.surefire.testng.TestNGExecutor.run(TestNGExecutor.java:308)
	at org.apache.maven.surefire.testng.TestNGXmlTestSuite.execute(TestNGXmlTestSuite.java:71)
	at org.apache.maven.surefire.testng.TestNGProvider.invoke(TestNGProvider.java:113)
	at org.apache.maven.surefire.booter.ForkedBooter.runSuitesInProcess(ForkedBooter.java:385)
	at org.apache.maven.surefire.booter.ForkedBooter.execute(ForkedBooter.java:162)
	at org.apache.maven.surefire.booter.ForkedBooter.run(ForkedBooter.java:507)
	at org.apache.maven.surefire.booter.ForkedBooter.main(ForkedBooter.java:495)
</textarea>
          
        </td>
      </tr>
  </tbody>
</table>
</div>
          </div>
        </li>
        <li class="test-item"  status="fail" test-id="29"
          author=""
          tag=""
          device="">
          <div class="test-detail">
            <p class="name">testEmptyCartMessage</p>
            <p class="text-sm">
              <span>10:55:49 PM</span> / <span>00:01:02:141</span>
              <span class="badge fail-bg log float-right">Fail</span>
            </p>
          </div>
          <div class="test-contents d-none">
<div class="detail-head">
<div class="p-v-10">
<div class="info">
<h5 class="test-status text-fail">testEmptyCartMessage</h5>
<span class='badge badge-success'>12.26.2025 10:55:49 PM</span>
<span class='badge badge-danger'>12.26.2025 10:56:51 PM</span>
<span class='badge badge-default'>00:01:02:141</span>
&middot; <span class='uri-anchor badge badge-default'>#test-id=29</span>
<span class='badge badge-default pointer float-right ml-1 et'><i class="fa fa-chevron-down"></i></span>
<span class='badge badge-default pointer float-right ct'><i class="fa fa-chevron-up"></i></span>
</div>
<div class="m-t-10 m-l-5">TC_CART_014 - Verify empty cart message</div>
</div>
</div>    <div class="row mb-3"><div class="col-md-3">
<img data-featherlight='/home/sikucing/IdeaProjects/demoblaze-super-automation/test-output/screenshots/testEmptyCartMessage_Failure_20251226_225651.png' src="/home/sikucing/IdeaProjects/demoblaze-super-automation/test-output/screenshots/testEmptyCartMessage_Failure_20251226_225651.png">
    <div class="title">testEmptyCartMessage_Failure</div>
    </div></div>
<div class="detail-body mt-4">
<table class="table table-sm">
  <thead><tr><th class="status-col">Status</th><th class="timestamp-col">Timestamp</th><th class="details-col">Details</th></tr></thead>
  <tbody>
      <tr class="event-row">
        <td><span class="badge log info-bg">Info</span></td>
        <td>10:55:49 PM</td>
        <td>
          Starting TC_CART_014 - Empty Cart Message Test
        </td>
      </tr>
      <tr class="event-row">
        <td><span class="badge log info-bg">Info</span></td>
        <td>10:56:21 PM</td>
        <td>
          Error clearing cart: timeout: Timed out receiving message from renderer: -0.005
  (Session info: chrome=143.0.7499.169)
Build info: version: '4.15.0', revision: '1d14b5521b'
System info: os.name: 'Linux', os.arch: 'amd64', os.version: '6.1.0-41-amd64', java.version: '21.0.6'
Driver info: org.openqa.selenium.chrome.ChromeDriver
Command: [6192a53309fb2d457c0c84bf65498017, get {url=https://www.demoblaze.com/cart.html}]
Capabilities {acceptInsecureCerts: false, browserName: chrome, browserVersion: 143.0.7499.169, chrome: {chromedriverVersion: 143.0.7499.169 (164b20aab62..., userDataDir: /tmp/.org.chromium.Chromium...}, fedcm:accounts: true, goog:chromeOptions: {debuggerAddress: localhost:37389}, goog:processID: 37223, networkConnectionEnabled: false, pageLoadStrategy: normal, platformName: linux, proxy: Proxy(), se:cdp: ws://localhost:37389/devtoo..., se:cdpVersion: 143.0.7499.169, setWindowRect: true, strictFileInteractability: false, timeouts: {implicit: 0, pageLoad: 300000, script: 30000}, unhandledPromptBehavior: dismiss and notify, webauthn:extension:credBlob: true, webauthn:extension:largeBlob: true, webauthn:extension:minPinLength: true, webauthn:extension:prf: true, webauthn:virtualAuthenticators: true}
Session ID: 6192a53309fb2d457c0c84bf65498017
        </td>
      </tr>
      <tr class="event-row">
        <td><span class="badge log fail-bg">Fail</span></td>
        <td>10:56:51 PM</td>
        <td>
          Test failed: timeout: Timed out receiving message from renderer: -0.011
  (Session info: chrome=143.0.7499.169)
Build info: version: '4.15.0', revision: '1d14b5521b'
System info: os.name: 'Linux', os.arch: 'amd64', os.version: '6.1.0-41-amd64', java.version: '21.0.6'
Driver info: org.openqa.selenium.chrome.ChromeDriver
Command: [6192a53309fb2d457c0c84bf65498017, get {url=https://www.demoblaze.com/cart.html}]
Capabilities {acceptInsecureCerts: false, browserName: chrome, browserVersion: 143.0.7499.169, chrome: {chromedriverVersion: 143.0.7499.169 (164b20aab62..., userDataDir: /tmp/.org.chromium.Chromium...}, fedcm:accounts: true, goog:chromeOptions: {debuggerAddress: localhost:37389}, goog:processID: 37223, networkConnectionEnabled: false, pageLoadStrategy: normal, platformName: linux, proxy: Proxy(), se:cdp: ws://localhost:37389/devtoo..., se:cdpVersion: 143.0.7499.169, setWindowRect: true, strictFileInteractability: false, timeouts: {implicit: 0, pageLoad: 300000, script: 30000}, unhandledPromptBehavior: dismiss and notify, webauthn:extension:credBlob: true, webauthn:extension:largeBlob: true, webauthn:extension:minPinLength: true, webauthn:extension:prf: true, webauthn:virtualAuthenticators: true}
Session ID: 6192a53309fb2d457c0c84bf65498017
        </td>
      </tr>
      <tr class="event-row">
        <td><span class="badge log fail-bg">Fail</span></td>
        <td>10:56:51 PM</td>
        <td>
          <textarea readonly class="code-block">org.openqa.selenium.TimeoutException: timeout: Timed out receiving message from renderer: -0.011
  (Session info: chrome=143.0.7499.169)
Build info: version: '4.15.0', revision: '1d14b5521b'
System info: os.name: 'Linux', os.arch: 'amd64', os.version: '6.1.0-41-amd64', java.version: '21.0.6'
Driver info: org.openqa.selenium.chrome.ChromeDriver
Command: [6192a53309fb2d457c0c84bf65498017, get {url=https://www.demoblaze.com/cart.html}]
Capabilities {acceptInsecureCerts: false, browserName: chrome, browserVersion: 143.0.7499.169, chrome: {chromedriverVersion: 143.0.7499.169 (164b20aab62..., userDataDir: /tmp/.org.chromium.Chromium...}, fedcm:accounts: true, goog:chromeOptions: {debuggerAddress: localhost:37389}, goog:processID: 37223, networkConnectionEnabled: false, pageLoadStrategy: normal, platformName: linux, proxy: Proxy(), se:cdp: ws://localhost:37389/devtoo..., se:cdpVersion: 143.0.7499.169, setWindowRect: true, strictFileInteractability: false, timeouts: {implicit: 0, pageLoad: 300000, script: 30000}, unhandledPromptBehavior: dismiss and notify, webauthn:extension:credBlob: true, webauthn:extension:largeBlob: true, webauthn:extension:minPinLength: true, webauthn:extension:prf: true, webauthn:virtualAuthenticators: true}
Session ID: 6192a53309fb2d457c0c84bf65498017
	at java.base/jdk.internal.reflect.DirectConstructorHandleAccessor.newInstance(DirectConstructorHandleAccessor.java:62)
	at java.base/java.lang.reflect.Constructor.newInstanceWithCaller(Constructor.java:502)
	at java.base/java.lang.reflect.Constructor.newInstance(Constructor.java:486)
	at org.openqa.selenium.remote.codec.w3c.W3CHttpResponseCodec.createException(W3CHttpResponseCodec.java:200)
	at org.openqa.selenium.remote.codec.w3c.W3CHttpResponseCodec.decode(W3CHttpResponseCodec.java:133)
	at org.openqa.selenium.remote.codec.w3c.W3CHttpResponseCodec.decode(W3CHttpResponseCodec.java:52)
	at org.openqa.selenium.remote.HttpCommandExecutor.execute(HttpCommandExecutor.java:191)
	at org.openqa.selenium.remote.service.DriverCommandExecutor.invokeExecute(DriverCommandExecutor.java:200)
	at org.openqa.selenium.remote.service.DriverCommandExecutor.execute(DriverCommandExecutor.java:175)
	at org.openqa.selenium.remote.RemoteWebDriver.execute(RemoteWebDriver.java:607)
	at org.openqa.selenium.remote.RemoteWebDriver.get(RemoteWebDriver.java:309)
	at com.demoblaze.tests.CartTests.testEmptyCartMessage(CartTests.java:98)
	at java.base/jdk.internal.reflect.DirectMethodHandleAccessor.invoke(DirectMethodHandleAccessor.java:103)
	at java.base/java.lang.reflect.Method.invoke(Method.java:580)
	at org.testng.internal.invokers.MethodInvocationHelper.invokeMethod(MethodInvocationHelper.java:139)
	at org.testng.internal.invokers.TestInvoker.invokeMethod(TestInvoker.java:664)
	at org.testng.internal.invokers.TestInvoker.invokeTestMethod(TestInvoker.java:227)
	at org.testng.internal.invokers.MethodRunner.runInSequence(MethodRunner.java:50)
	at org.testng.internal.invokers.TestInvoker$MethodInvocationAgent.invoke(TestInvoker.java:957)
	at org.testng.internal.invokers.TestInvoker.invokeTestMethods(TestInvoker.java:200)
	at org.testng.internal.invokers.TestMethodWorker.invokeTestMethods(TestMethodWorker.java:148)
	at org.testng.internal.invokers.TestMethodWorker.run(TestMethodWorker.java:128)
	at java.base/java.util.ArrayList.forEach(ArrayList.java:1596)
	at org.testng.TestRunner.privateRun(TestRunner.java:848)
	at org.testng.TestRunner.run(TestRunner.java:621)
	at org.testng.SuiteRunner.runTest(SuiteRunner.java:443)
	at org.testng.SuiteRunner.runSequentially(SuiteRunner.java:437)
	at org.testng.SuiteRunner.privateRun(SuiteRunner.java:397)
	at org.testng.SuiteRunner.run(SuiteRunner.java:336)
	at org.testng.SuiteRunnerWorker.runSuite(SuiteRunnerWorker.java:52)
	at org.testng.SuiteRunnerWorker.run(SuiteRunnerWorker.java:95)
	at org.testng.TestNG.runSuitesSequentially(TestNG.java:1280)
	at org.testng.TestNG.runSuitesLocally(TestNG.java:1200)
	at org.testng.TestNG.runSuites(TestNG.java:1114)
	at org.testng.TestNG.run(TestNG.java:1082)
	at org.apache.maven.surefire.testng.TestNGExecutor.run(TestNGExecutor.java:308)
	at org.apache.maven.surefire.testng.TestNGXmlTestSuite.execute(TestNGXmlTestSuite.java:71)
	at org.apache.maven.surefire.testng.TestNGProvider.invoke(TestNGProvider.java:113)
	at org.apache.maven.surefire.booter.ForkedBooter.runSuitesInProcess(ForkedBooter.java:385)
	at org.apache.maven.surefire.booter.ForkedBooter.execute(ForkedBooter.java:162)
	at org.apache.maven.surefire.booter.ForkedBooter.run(ForkedBooter.java:507)
	at org.apache.maven.surefire.booter.ForkedBooter.main(ForkedBooter.java:495)
</textarea>
          
        </td>
      </tr>
  </tbody>
</table>
</div>
          </div>
        </li>
        <li class="test-item"  status="pass" test-id="30"
          author=""
          tag=""
          device="">
          <div class="test-detail">
            <p class="name">testCartProductIntegration</p>
            <p class="text-sm">
              <span>10:57:02 PM</span> / <span>00:00:27:108</span>
              <span class="badge pass-bg log float-right">Pass</span>
            </p>
          </div>
          <div class="test-contents d-none">
<div class="detail-head">
<div class="p-v-10">
<div class="info">
<h5 class="test-status text-pass">testCartProductIntegration</h5>
<span class='badge badge-success'>12.26.2025 10:57:02 PM</span>
<span class='badge badge-danger'>12.26.2025 10:57:29 PM</span>
<span class='badge badge-default'>00:00:27:108</span>
&middot; <span class='uri-anchor badge badge-default'>#test-id=30</span>
<span class='badge badge-default pointer float-right ml-1 et'><i class="fa fa-chevron-down"></i></span>
<span class='badge badge-default pointer float-right ct'><i class="fa fa-chevron-up"></i></span>
</div>
<div class="m-t-10 m-l-5">TC_CART_019 - Verify cart-product integration</div>
</div>
</div>    <div class="row mb-3"><div class="col-md-3">
<img data-featherlight='/home/sikucing/IdeaProjects/demoblaze-super-automation/test-output/screenshots/TC_CART_019_Integration_20251226_225728.png' src="/home/sikucing/IdeaProjects/demoblaze-super-automation/test-output/screenshots/TC_CART_019_Integration_20251226_225728.png">
    <div class="title">TC_CART_019_Integration</div>
    </div></div>
    <div class="row mb-3"><div class="col-md-3">
<img data-featherlight='/home/sikucing/IdeaProjects/demoblaze-super-automation/test-output/screenshots/testCartProductIntegration_Success_20251226_225729.png' src="/home/sikucing/IdeaProjects/demoblaze-super-automation/test-output/screenshots/testCartProductIntegration_Success_20251226_225729.png">
    <div class="title">testCartProductIntegration_Success</div>
    </div></div>
<div class="detail-body mt-4">
<table class="table table-sm">
  <thead><tr><th class="status-col">Status</th><th class="timestamp-col">Timestamp</th><th class="details-col">Details</th></tr></thead>
  <tbody>
      <tr class="event-row">
        <td><span class="badge log info-bg">Info</span></td>
        <td>10:57:02 PM</td>
        <td>
          Starting TC_CART_019 - Cart-Product Integration Test
        </td>
      </tr>
      <tr class="event-row">
        <td><span class="badge log info-bg">Info</span></td>
        <td>10:57:28 PM</td>
        <td>
          TC_CART_019: Final cart items: 2
        </td>
      </tr>
      <tr class="event-row">
        <td><span class="badge log pass-bg">Pass</span></td>
        <td>10:57:28 PM</td>
        <td>
          TC_CART_019: Integration should work
        </td>
      </tr>
      <tr class="event-row">
        <td><span class="badge log pass-bg">Pass</span></td>
        <td>10:57:29 PM</td>
        <td>
          TC_CART_019 PASSED: Cart-product integration works
        </td>
      </tr>
      <tr class="event-row">
        <td><span class="badge log pass-bg">Pass</span></td>
        <td>10:57:29 PM</td>
        <td>
          Test passed successfully
        </td>
      </tr>
  </tbody>
</table>
</div>
          </div>
        </li>
        <li class="test-item"  status="pass" test-id="31"
          author=""
          tag=""
          device="">
          <div class="test-detail">
            <p class="name">testCartSuiteCompletion</p>
            <p class="text-sm">
              <span>10:57:39 PM</span> / <span>00:00:28:727</span>
              <span class="badge pass-bg log float-right">Pass</span>
            </p>
          </div>
          <div class="test-contents d-none">
<div class="detail-head">
<div class="p-v-10">
<div class="info">
<h5 class="test-status text-pass">testCartSuiteCompletion</h5>
<span class='badge badge-success'>12.26.2025 10:57:39 PM</span>
<span class='badge badge-danger'>12.26.2025 10:58:08 PM</span>
<span class='badge badge-default'>00:00:28:727</span>
&middot; <span class='uri-anchor badge badge-default'>#test-id=31</span>
<span class='badge badge-default pointer float-right ml-1 et'><i class="fa fa-chevron-down"></i></span>
<span class='badge badge-default pointer float-right ct'><i class="fa fa-chevron-up"></i></span>
</div>
<div class="m-t-10 m-l-5">TC_CART_020 - Cart test suite completion</div>
</div>
</div>    <div class="row mb-3"><div class="col-md-3">
<img data-featherlight='/home/sikucing/IdeaProjects/demoblaze-super-automation/test-output/screenshots/TC_CART_020_Suite_Complete_20251226_225807.png' src="/home/sikucing/IdeaProjects/demoblaze-super-automation/test-output/screenshots/TC_CART_020_Suite_Complete_20251226_225807.png">
    <div class="title">TC_CART_020_Suite_Complete</div>
    </div></div>
    <div class="row mb-3"><div class="col-md-3">
<img data-featherlight='/home/sikucing/IdeaProjects/demoblaze-super-automation/test-output/screenshots/testCartSuiteCompletion_Success_20251226_225808.png' src="/home/sikucing/IdeaProjects/demoblaze-super-automation/test-output/screenshots/testCartSuiteCompletion_Success_20251226_225808.png">
    <div class="title">testCartSuiteCompletion_Success</div>
    </div></div>
<div class="detail-body mt-4">
<table class="table table-sm">
  <thead><tr><th class="status-col">Status</th><th class="timestamp-col">Timestamp</th><th class="details-col">Details</th></tr></thead>
  <tbody>
      <tr class="event-row">
        <td><span class="badge log info-bg">Info</span></td>
        <td>10:57:39 PM</td>
        <td>
          Starting TC_CART_020 - Cart Test Suite Completion
        </td>
      </tr>
      <tr class="event-row">
        <td><span class="badge log info-bg">Info</span></td>
        <td>10:58:07 PM</td>
        <td>
          TC_CART_020: Final cart item count: 0
        </td>
      </tr>
      <tr class="event-row">
        <td><span class="badge log pass-bg">Pass</span></td>
        <td>10:58:07 PM</td>
        <td>
          TC_CART_020: Cart should be accessible
        </td>
      </tr>
      <tr class="event-row">
        <td><span class="badge log pass-bg">Pass</span></td>
        <td>10:58:08 PM</td>
        <td>
          TC_CART_020 PASSED: Cart test suite completed successfully
        </td>
      </tr>
      <tr class="event-row">
        <td><span class="badge log info-bg">Info</span></td>
        <td>10:58:08 PM</td>
        <td>
          =========================================
        </td>
      </tr>
      <tr class="event-row">
        <td><span class="badge log info-bg">Info</span></td>
        <td>10:58:08 PM</td>
        <td>
          🛒 ALL 20 CART TESTS COMPLETED SUCCESSFULLY!
        </td>
      </tr>
      <tr class="event-row">
        <td><span class="badge log info-bg">Info</span></td>
        <td>10:58:08 PM</td>
        <td>
          =========================================
        </td>
      </tr>
      <tr class="event-row">
        <td><span class="badge log pass-bg">Pass</span></td>
        <td>10:58:08 PM</td>
        <td>
          Test passed successfully
        </td>
      </tr>
  </tbody>
</table>
</div>
          </div>
        </li>
      </ul>
    </div>
  </div>
<div class="test-content scrollable">
<div class="test-content-tools">
<ul><li><a class="back-to-test" href="#"><i class="fa fa-arrow-left"></i></a></li></ul>
</div>
<div class="test-content-detail"><div class="detail-body"></div></div>
</div></div>
<div class="test-wrapper row view exception-view attributes-view">
<div class="test-list">
<div class="test-list-tools">
<ul class="tools pull-left"><li><a href=""><span class="font-size-14">Exception</span></a></li></ul>
<ul class="tools text-right"><li><a href="#"><span class="badge badge-primary">2</span></a></li></ul>
</div>
<div class="test-list-wrapper scrollable">
<ul class="test-list-item">
<li class="test-item">
<div class="test-detail">
<span class="meta">
<span class='badge log badge-danger'>5</span>
</span>
<p class="name">org.openqa.selenium.TimeoutException</p>
<p class="duration text-sm">5 tests</p>
</div>
<div class="test-contents d-none">
<div class="info">
<h4>org.openqa.selenium.TimeoutException</h4>
<span status="fail" class='badge log badge-danger'>5 failed</span>
</div>
<table class='table table-sm mt-4'>
<thead>
<tr>
<th class="status-col">Status</th>
<th class="timestamp-col">Timestamp</th>
<th>TestName</th>
</tr>
</thead>
<tbody>
<tr class="tag-test-status" status="fail">
<td><span class="badge log fail-bg">Fail</span></td>
<td>22:46:45 PM</td>
<td>
<a href="#" class="linked" test-id='7' id='7'>testAllProductsListed</a>
</td>
</tr>
<tr class="tag-test-status" status="fail">
<td><span class="badge log fail-bg">Fail</span></td>
<td>22:52:13 PM</td>
<td>
<a href="#" class="linked" test-id='26' id='26'>testProductSuiteCompletion</a>
</td>
</tr>
<tr class="tag-test-status" status="fail">
<td><span class="badge log fail-bg">Fail</span></td>
<td>22:53:14 PM</td>
<td>
<a href="#" class="linked" test-id='27' id='27'>testEmptyCart</a>
</td>
</tr>
<tr class="tag-test-status" status="fail">
<td><span class="badge log fail-bg">Fail</span></td>
<td>22:54:16 PM</td>
<td>
<a href="#" class="linked" test-id='28' id='28'>testCartTotalCalculation</a>
</td>
</tr>
<tr class="tag-test-status" status="fail">
<td><span class="badge log fail-bg">Fail</span></td>
<td>22:55:49 PM</td>
<td>
<a href="#" class="linked" test-id='29' id='29'>testEmptyCartMessage</a>
</td>
</tr>
</tbody>
</table>
</div>
</li>
<li class="test-item">
<div class="test-detail">
<span class="meta">
<span class='badge log badge-danger'>1</span>
</span>
<p class="name">java.lang.AssertionError</p>
<p class="duration text-sm">1 tests</p>
</div>
<div class="test-contents d-none">
<div class="info">
<h4>java.lang.AssertionError</h4>
<span status="fail" class='badge log badge-danger'>1 failed</span>
</div>
<table class='table table-sm mt-4'>
<thead>
<tr>
<th class="status-col">Status</th>
<th class="timestamp-col">Timestamp</th>
<th>TestName</th>
</tr>
</thead>
<tbody>
<tr class="tag-test-status" status="fail">
<td><span class="badge log fail-bg">Fail</span></td>
<td>22:45:41 PM</td>
<td>
<a href="#" class="linked" test-id='5' id='5'>testPageElements</a>
</td>
</tr>
</tbody>
</table>
</div>
</li>
</ul>
</div>
</div>
<div class="test-content scrollable">
<div class="test-content-detail">
<div class="detail-body"></div>
</div>
</div>
</div><div class="container-fluid p-4 view dashboard-view">
<div class="row">
<div class="col-md-3">
<div class="card"><div class="card-body">
<p class="m-b-0">Started</p>
<h3>Friday, December 26, 2025, 10:44 PM (WIB)</h3>
</div></div>
</div>
<div class="col-md-3">
<div class="card"><div class="card-body">
<p class="m-b-0">Ended</p>
<h3>Friday, December 26, 2025, 10:58 PM (WIB)</h3>
</div></div>
</div>
<div class="col-md-3">
<div class="card"><div class="card-body">
<p class="m-b-0 text-pass">Tests Passed</p>
<h3>25</h3>
</div></div>
</div>
<div class="col-md-3">
<div class="card"><div class="card-body">
<p class="m-b-0 text-fail">Tests Failed</p>
<h3>6</h3>
</div></div>
</div>
</div>
<div class="row">
<div class="col-md-6">
<div class="card">
<div class="card-header">
<h6 class="card-title">Tests</h6>
</div>
<div class="card-body">
<div class="">
<canvas id='parent-analysis' width='115' height='90'></canvas>
</div>
</div>
<div class="card-footer">
<div><small data-tooltip='80%'>
<b>25</b> tests passed
</small>
</div>
<div>
<small data-tooltip='19%'><b>6</b> tests failed,
<b>0</b> skipped, <b data-tooltip='0%'>0</b> others
</small>
</div>
</div>
</div>
</div>
<div class="col-md-6">
<div class="card">
<div class="card-header">
<h6 class="card-title">Log events</h6>
</div>
<div class="card-body">
<div class="">
<canvas id='events-analysis' width='115' height='90'></canvas>
</div>
</div>
<div class="card-footer">
<div><small data-tooltip='48%'><b>87</b> events passed</small></div>
<div>
<small data-tooltip='7%'><b>13</b> events failed,
<b data-tooltip='%'>81</b> others
</small>
</div>
</div>
</div>
</div>
</div>
<div class="row"><div class="col-md-12">
<div class="card"><div class="card-header"><p>Timeline</p></div>
<div class="card-body pt-0"><div>
<canvas id="timeline" height="120"></canvas>
</div></div>
</div>
</div></div>
<script>
var timeline = {
"testHomePageLoad":0.65,"testProductCategories":0.628,"testNavigation":6.588,"testProductSelection":10.115,"testPageElements":0.097,"testSmokeCompletion":0.179,"testAllProductsListed":30.145,"testSamsungS6Details":4.128,"testNokiaLumiaDetails":4.104,"testSonyVaioI5Details":3.898,"testPriceFormatConsistency":18.035,"testProductCategoriesFilter":11.649,"testProductDescriptionExists":18.412,"testProductImagesDisplayed":0.924,"testProductSorting":0.787,"testProductPagination":1.016,"testProductAvailability":16.743,"testProductComparison":0.77,"testProductReviews":3.853,"testRelatedProducts":3.869,"testProductSpecifications":3.826,"testProductShareFeatures":3.627,"testProductBreadcrumb":6.96,"testProductPagePerformance":3.588,"testMultipleProductViews":16.098,"testProductSuiteCompletion":30.148,"testEmptyCart":30.104,"testCartTotalCalculation":62.155,"testEmptyCartMessage":62.141,"testCartProductIntegration":27.108,"testCartSuiteCompletion":28.727
};
</script>
<div class="row">
<div class="col-lg-6 col-md-12 sysenv-container">
<div class="card">
<div class="card-header"><p>System/Environment</p></div>
<div class="card-body pb-0 pt-0"><table class="table table-sm table-bordered">
<thead><tr class="bg-gray"><th>Name</th><th>Value</th></tr></thead>
<tbody>
<tr>
<td>OS</td>
<td>Linux</td>
</tr>
<tr>
<td>OS Version</td>
<td>6.1.0-41-amd64</td>
</tr>
<tr>
<td>Java Version</td>
<td>21.0.6</td>
</tr>
<tr>
<td>User</td>
<td>sikucing</td>
</tr>
<tr>
<td>Browser</td>
<td>Chrome</td>
</tr>
<tr>
<td>URL</td>
<td>https://www.demoblaze.com</td>
</tr>
</tbody>
</table></div>
</div>
</div>
</div>
</div>
<script>
var statusGroup = {
parentCount: 5,
passParent: 25,
failParent: 6,
warningParent: 0,
skipParent: 0,
childCount: 5,
passChild: 0,
failChild: 0,
warningChild: 0,
skipChild: 0,
infoChild: 0,
grandChildCount: 5,
passGrandChild: 0,
failGrandChild: 0,
warningGrandChild: 0,
skipGrandChild: 0,
infoGrandChild: 0,
eventsCount: 5,
passEvents: 87,
failEvents: 13,
warningEvents: 0,
skipEvents: 0,
infoEvents: 81
};
</script>        </div>
      </div>
    </div>
  </div>
<script src="https://cdn.jsdelivr.net/gh/extent-framework/extent-github-cdn@d6562a79075e061305ccfdb82f01e5e195e2d307/spark/js/spark-script.js"></script>
<script type="text/javascript"></script></body>
</html>